============= BUILDING STARTED ============
  Project: multitapEcho_model3
===========================================
Compiling .c files...
D:/ra207_2015/aadsp2/vezba5/multitapEcho_model3/src/main.c
C:/CirrusDSP/bin/ccc2 D:/ra207_2015/aadsp2/vezba5/multitapEcho_model3/src/main.c
 -S
 -ruf
 -fcse
 -fprc
 -fcompact
 -funsafe-loop-optimizations
 -g
 -edi
 -emit-hints
 -fconst-pool=X
 -fno0init
 -femit-asm-struct
 -cdl
 -D_TOOLS_VERSION_=0x0701
 -D_SLOT_=0
 -D_OVLY_=standalone
 -D_OVLY_REVISION_=020000
 -D_VERSION_=00
 -D_DSP_=a
 -D_COMMON_INC_PATH_=C:/CirrusDSP/crystal32/common/inc/
 -D_TARGET_FAMILY_=crystal32
 -D_MUI_VERSION_=020000
 -IC:/CirrusDSP/include/
 -IC:/CirrusDSP/include/dsplib/
 -ID:/ra207_2015/aadsp2/vezba5/multitapEcho_model3/inc/
 -oD:/ra207_2015/aadsp2/vezba5/multitapEcho_model3/output/standalone/src/main.s
 -D_LOCAL_SRC_PATH_=src/
 -D_LOCAL_INC_PATH_=inc/
 -D_ROUTER_INC_PATH_=rom_inc/
     [exec] "C:/CirrusDSP/include/stdio.h", line 8: warning #1108: #warning directive: Functionality of stdio.h header file is not fully supported
     [exec]   #warning Functionality of stdio.h header file is not fully supported
     [exec]    ^
     [exec] 
     [exec] "C:/CirrusDSP/include/string.h", line 8: warning #1108: #warning directive: Functionality of string.h header file is not fully supported
     [exec]   #warning Functionality of string.h header file is not fully supported
     [exec]    ^
     [exec] 
     [exec] "C:/CirrusDSP/include/string.h", line 13: warning #303: typedef name has already been declared (with same type)
     [exec]   typedef unsigned int size_t;
     [exec]                        ^
     [exec] 
     [exec] "D:/ra207_2015/aadsp2/vezba5/multitapEcho_model3/src/main.c", line 69: warning #146: a value of type "__memY DSPfract *" cannot be used to initialize an entity of type "__memX DSPfract *"
     [exec]   	__memX DSPfract* pInitEchoBuffer = echo_buffer;
     [exec]   	                                   ^
     [exec] 
     [exec] "D:/ra207_2015/aadsp2/vezba5/multitapEcho_model3/src/main.c", line 72: warning #146: a value of type "__memY const DSPint *" cannot be used to initialize an entity of type "__memX const DSPint *"
     [exec]   	__memX const DSPint* pInitDelay = initial_delay;
     [exec]   	                                  ^
     [exec] 
     [exec] "D:/ra207_2015/aadsp2/vezba5/multitapEcho_model3/src/main.c", line 76: warning #146: a value of type "__memX DSPfract *" cannot be used to initialize an entity of type "__memY DSPfract *"
     [exec]   	__memY DSPfract* readPtrOffset = pInitEchoBuffer + ECHO_MAX_LENGTH - 1;
     [exec]   	                                 ^
     [exec] 
     [exec] "D:/ra207_2015/aadsp2/vezba5/multitapEcho_model3/src/main.c", line 83: warning #516: a value of type "__memY DSPfract *" cannot be assigned to an entity of type "__memX DSPfract *"
     [exec]   	echoState.pEchoBuff = echo_buffer;
     [exec]   	                    ^
     [exec] 
     [exec] "D:/ra207_2015/aadsp2/vezba5/multitapEcho_model3/src/main.c", line 91: warning #516: a value of type "__memY DSPfract *" cannot be assigned to an entity of type "__memX DSPfract *"
     [exec]   		*readPtrPtr++ = readPtrOffset - *pInitDelay;
     [exec]   		              ^
     [exec] 
     [exec] "D:/ra207_2015/aadsp2/vezba5/multitapEcho_model3/src/main.c", line 125: warning #146: a value of type "__memX DSPfract **" cannot be used to initialize an entity of type "__memY DSPfract *__memX *"
     [exec]   		__memY DSPfract* __memX* readPtrPtr = echoState.readPointer;
     [exec]   		                                      ^
     [exec] 
     [exec] "D:/ra207_2015/aadsp2/vezba5/multitapEcho_model3/src/main.c", line 133: warning #146: a value of type "__memY DSPfract *" cannot be used to initialize an entity of type "__memX DSPfract *"
     [exec]   			__memX DSPfract* readPtr = *readPtrPtr;
     [exec]   			                           ^
     [exec] 
     [exec] "D:/ra207_2015/aadsp2/vezba5/multitapEcho_model3/src/main.c", line 137: warning #516: a value of type "__memX DSPfract *" cannot be assigned to an entity of type "__memY DSPfract *"
     [exec]   			*readPtrPtr = readPtr;
     [exec]   			            ^
     [exec] 
     [exec] "D:/ra207_2015/aadsp2/vezba5/multitapEcho_model3/src/main.c", line 115: warning #179: variable "j" was declared but never referenced
     [exec]   	int i, j;
     [exec]   	       ^
     [exec] 
     [exec] WARNING: '-unsafe-loop-optimization' is ignored when '-g' option is used!
     [exec] "D:/ra207_2015/aadsp2/vezba5/multitapEcho_model3/src/main.c", line 165: warning #4007: Pointer to unspecified memory zone.
     [exec] 
     [exec] "D:/ra207_2015/aadsp2/vezba5/multitapEcho_model3/src/main.c", line 167: warning #4007: Pointer to unspecified memory zone.
     [exec] 
     [exec] "D:/ra207_2015/aadsp2/vezba5/multitapEcho_model3/src/main.c", line 168: warning #4007: Pointer to unspecified memory zone.
     [exec] 
     [exec] "D:/ra207_2015/aadsp2/vezba5/multitapEcho_model3/src/main.c", line 78: info: Hardware loop is not emitted due to: 
     [exec] Loop condition has <=, >= or == operator and number of iterations is unknown at compile time. That case is not handled by the compiler.
     [exec] 
     [exec] "D:/ra207_2015/aadsp2/vezba5/multitapEcho_model3/src/main.c", line 78: info: Hardware loop is not emitted due to: 
     [exec] Upper bound and initial loop index value are not constant.
     [exec] Make them constant or try using -funsafe-loop-optimizations option.
     [exec] 
     [exec] "D:/ra207_2015/aadsp2/vezba5/multitapEcho_model3/src/main.c", line 228: info: Hardware loop is not emitted due to: 
     [exec] Upper bound and initial loop index value are not constant.
     [exec] Make them constant or try using -funsafe-loop-optimizations option.
     [exec] 
     [exec] "D:/ra207_2015/aadsp2/vezba5/multitapEcho_model3/src/main.c", line 244: info: Hardware loop is not emitted due to: 
     [exec] Upper bound and initial loop index value are not constant.
     [exec] Make them constant or try using -funsafe-loop-optimizations option.
     [exec] 
     [exec] "D:/ra207_2015/aadsp2/vezba5/multitapEcho_model3/src/main.c", line 224: info: Hardware loop is not emitted due to: 
     [exec] Upper bound and initial loop index value are not constant.
     [exec] Make them constant or try using -funsafe-loop-optimizations option.
     [exec] 
     [exec] "D:/ra207_2015/aadsp2/vezba5/multitapEcho_model3/src/main.c", line 123: info: SRS is used at this line.
     [exec] 
     [exec] "D:/ra207_2015/aadsp2/vezba5/multitapEcho_model3/src/main.c", line 124: info: SRS is used at this line.
     [exec] 
     [exec] "D:/ra207_2015/aadsp2/vezba5/multitapEcho_model3/src/main.c", line 125: info: SRS is used at this line.
     [exec] 
     [exec] "D:/ra207_2015/aadsp2/vezba5/multitapEcho_model3/src/main.c", line 69: info: SRS is used at this line.
     [exec] 
     [exec] "D:/ra207_2015/aadsp2/vezba5/multitapEcho_model3/src/main.c", line 71: info: SRS is used at this line.
     [exec] 
     [exec] "D:/ra207_2015/aadsp2/vezba5/multitapEcho_model3/src/main.c", line 72: info: SRS is used at this line.
     [exec] 
     [exec] "D:/ra207_2015/aadsp2/vezba5/multitapEcho_model3/src/main.c", line 73: info: SRS is used at this line.
     [exec] 
     [exec] "D:/ra207_2015/aadsp2/vezba5/multitapEcho_model3/src/main.c", line 74: info: SRS is used at this line.
     [exec] 
     [exec] "D:/ra207_2015/aadsp2/vezba5/multitapEcho_model3/src/main.c", line 75: info: SRS is used at this line.
     [exec] 
     [exec] "D:/ra207_2015/aadsp2/vezba5/multitapEcho_model3/src/main.c", line 76: info: SRS is used at this line.
     [exec] 
     [exec] "D:/ra207_2015/aadsp2/vezba5/multitapEcho_model3/src/main.c", line 222: info: Call to runtime function __div. Look at the separate document for information how to avoid this call.
     [exec] 
     [exec] "D:/ra207_2015/aadsp2/vezba5/multitapEcho_model3/src/main.c", line 231: info: SRS is used at this line.
     [exec] 
     [exec] "D:/ra207_2015/aadsp2/vezba5/multitapEcho_model3/src/main.c", line 246: info: SRS is used at this line.
     [exec] 
     [exec] FRONT END TIME: 0 seconds
     [exec] BACK  END TIME: 1 seconds
     [exec] 
Assembling .a and .s files...
D:/ra207_2015/aadsp2/vezba5/multitapEcho_model3/output/standalone/src/main.s
C:/CirrusDSP/bin/casm D:/ra207_2015/aadsp2/vezba5/multitapEcho_model3/output/standalone/src/main.s
 --debug
 -c
 -s
 -e
 -D_TOOLS_VERSION_=0x0701
 -D_SLOT_=0
 -D_OVLY_=standalone
 -D_OVLY_REVISION_=020000
 -D_VERSION_=00
 -D_DSP_=a
 -D_COMMON_INC_PATH_=C:/CirrusDSP/crystal32/common/inc/
 -D_TARGET_FAMILY_=crystal32
 -D_MUI_VERSION_=020000
 -IC:/CirrusDSP/include/
 -IC:/CirrusDSP/include/dsplib/
 -ID:/ra207_2015/aadsp2/vezba5/multitapEcho_model3/inc/
 -lD:/ra207_2015/aadsp2/vezba5/multitapEcho_model3/output/standalone/src/main.lst
 -oD:/ra207_2015/aadsp2/vezba5/multitapEcho_model3/output/standalone/src/main.O
 -iC:/CirrusDSP/crystal32/common/inc/base.h
 -D_LOCAL_SRC_PATH_=src/
 -D_LOCAL_INC_PATH_=inc/
 -D_ROUTER_INC_PATH_=rom_inc/
Linking files...
C:/CirrusDSP/bin/clink
 -oD:/ra207_2015/aadsp2/vezba5/multitapEcho_model3/output/standalone/multitapEcho_model3.img
 -fC:/CirrusDSP/crystal32/memory_maps/v00.mem.xml
 --output_type=RAM
 --overlay_type=standalone
 -lC:/CirrusDSP/lib/
 -lC:/CirrusDSP/lib/dsplib
 -lC:/CirrusDSP/lib/dsplib/crystal32/
D:/ra207_2015/aadsp2/vezba5/multitapEcho_model3/output/standalone/src/main.O
     [exec] Warning #507: Unknown class: Y_OS_CC_GLOBALS
     [exec]             for the segment: CC_HEAPSTEAL_VALUES
     [exec]             from the module: C:\CirrusDSP\lib\dsplib\crystal32\cl_heapsteal.O
     [exec] DWARF WARNING: Could not find symbol "_multitap_echo_j" in object file "D:/ra207_2015/aadsp2/vezba5/multitapEcho_model3/output/standalone/src/main.O".
     [exec] Debug information for the symbol will be missing.
     [exec] Try passing -s option to casm.
     [exec] 
     [exec] List of linked library's modules:
     [exec] C:\CirrusDSP\lib\crt0.o
     [exec] C:\CirrusDSP\lib\div.o
     [exec] C:\CirrusDSP\lib\exit.o
     [exec] C:\CirrusDSP\lib\simulator_stack.o
     [exec] C:\CirrusDSP\lib\strcpy_x2x.o
     [exec] C:\CirrusDSP\lib\udiv.o
     [exec] C:\CirrusDSP\lib\dsplib\crystal32\cl_wavread_bits_per_sample.o
     [exec] C:\CirrusDSP\lib\dsplib\crystal32\cl_wavread_close.o
     [exec] C:\CirrusDSP\lib\dsplib\crystal32\cl_wavread_frame_rate.o
     [exec] C:\CirrusDSP\lib\dsplib\crystal32\cl_wavread_getnchannels.o
     [exec] C:\CirrusDSP\lib\dsplib\crystal32\cl_wavread_number_of_frames.o
     [exec] C:\CirrusDSP\lib\dsplib\cry
     [exec] stal32\cl_wavread_open.o
     [exec] C:\CirrusDSP\lib\dsplib\crystal32\cl_wavread_recvsample.o
     [exec] C:\CirrusDSP\lib\dsplib\crystal32\cl_wavwrite_close.o
     [exec] C:\CirrusDSP\lib\dsplib\crystal32\cl_wavwrite_open.o
     [exec] C:\CirrusDSP\lib\dsplib\crystal32\cl_wavwrite_sendsample.o
     [exec] C:\CirrusDSP\lib\dsplib\crystal32\printf.o
Creating .uld file...
C:/CirrusDSP/bin/lnkuld
 -ja
 D:/ra207_2015/aadsp2/vezba5/multitapEcho_model3/output/standalone/multitapEcho_model3.img
 D:/ra207_2015/aadsp2/vezba5/multitapEcho_model3/output/standalone/multitapEcho_model3.uld
     [exec] 
     [exec] Reading file: D:/ra207_2015/aadsp2/vezba5/multitapEcho_model3/output/standalone/multitapEcho_model3.img ...
     [exec] 	Processed 724 li
     [exec] ne(s).
     [exec] 
     [exec] Writing output to file: D:/ra207_2015/aadsp2/vezba5/multitapEcho_model3/output/standalone/multitapEcho_model3.uld ...
     [exec] 
     [exec] Done!
     [exec] 
     [exec] Writing output to file: D:/ra207_2015/aadsp2/vezba5/multitapEcho_model3/output/standalone/multitapEcho_model3.uldb ...
     [exec] 
     [exec] Done!
     [exec] 
     [exec] Writing output to file: D:/ra207_2015/aadsp2/vezba5/multitapEcho_model3/output/standalone/multitapEcho_model3.uldc ...

BUILD SUCCESSFUL
Total time: 2 seconds
