============= BUILDING STARTED ============
  Project: Overlay_Simulator
===========================================
Assembling .a and .s files...
D:/nastava/aadsp2/2016-2017/Vezbe/Vezba7/postavka/Zadatak2/Overlay_Simulator/gen/src/Overlay_Simulator_odt.a
C:/CirrusDSP/bin/casm D:/nastava/aadsp2/2016-2017/Vezbe/Vezba7/postavka/Zadatak2/Overlay_Simulator/gen/src/Overlay_Simulator_odt.a
 --debug
 -c
 -s
 -e
 --cdl
 -D_TOOLS_VERSION_=0x0701
 -D_SLOT_=0
 -D_OVLY_=application
 -D_OVLY_REVISION_=010000
 -D_VERSION_=01
 -D_DSP_=a
 -D_COMMON_INC_PATH_=C:/CirrusDSP/crystal32/common/inc/
 -D_TARGET_FAMILY_=crystal32
 -D_MUI_VERSION_=010000
 -IC:/CirrusDSP/include/
 -lD:/nastava/aadsp2/2016-2017/Vezbe/Vezba7/postavka/Zadatak2/Overlay_Simulator/output/application/gen/src/Overlay_Simulator_odt.lst
 -oD:/nastava/aadsp2/2016-2017/Vezbe/Vezba7/postavka/Zadatak2/Overlay_Simulator/output/application/gen/src/Overlay_Simulator_odt.O
 -iC:/CirrusDSP/crystal32/common/inc/base.h
 -D_LOCAL_SRC_PATH_=src/
 -D_LOCAL_INC_PATH_=inc/
 -D_ROUTER_INC_PATH_=rom_inc/
Linking files...
C:/CirrusDSP/bin/clink
 -oD:/nastava/aadsp2/2016-2017/Vezbe/Vezba7/postavka/Zadatak2/Overlay_Simulator/output/application/Overlay_Simulator__application_1_0_0.img
 -fC:/CirrusDSP/crystal32/memory_maps/v01.mem.xml
 --output_type=RAM
 --overlay_type=application
 -lC:/CirrusDSP/lib/
 -lC:/CirrusDSP/lib/dsplib
 -lC:/CirrusDSP/lib/dsplib/crystal32/
 -lC:/CirrusDSP/crystal32/common/lib/
D:/nastava/aadsp2/2016-2017/Vezbe/Vezba7/postavka/Zadatak2/Overlay_Simulator/output/application/gen/src/Overlay_Simulator_odt.O
D:/nastava/aadsp2/2016-2017/Vezbe/Vezba7/postavka/Zadatak2/multitapEcho_framework/output/multitapEcho_1_0_0.olib
     [exec] Error #506: Unresolved external symbol: Simple_Delay_asm_mif
     [exec]                         used in module: D:/nastava/aadsp2/2016-2017/Vezbe/Vezba7/postavka/Zadatak2/Overlay_Simulator/output/application/gen/src/Overlay_Simulator_odt
     [exec] 1 error(s) encountered during symbol relocation!

BUILD FAILED
D:\nastava\aadsp2\2016-2017\Vezbe\Vezba7\postavka\Zadatak2\Overlay_Simulator\output\application\application.build.xml:41: exec returned: 1

Total time: 1 second
