Build started 2/13/2017 3:49:29 PM.
     1>Project "D:\nastava\aadsp2\2016-2017\Vezbe\Vezba3\postavka\multitapEcho\multitapEcho_model0\multitapEcho_model0.vcxproj" on node 2 (Build target(s)).
     1>ClCompile:
         C:\Program Files (x86)\Microsoft Visual Studio 10.0\VC\bin\CL.exe /c /Zi /nologo /W3 /WX- /O2 /Oi /Oy- /GL /D WIN32 /D NDEBUG /D _CONSOLE /D _UNICODE /D UNICODE /D _UNICODE /D UNICODE /Gm- /EHsc /MD /GS /Gy /fp:precise /Zc:wchar_t /Zc:forScope /Fo"Release\\" /Fd"Release\vc100.pdb" /Gd /TP /analyze- /errorReport:prompt main.cpp WAVheader.cpp
         main.cpp
     1>main.cpp(166): warning C4996: 'strcpy': This function or variable may be unsafe. Consider using strcpy_s instead. To disable deprecation, use _CRT_SECURE_NO_WARNINGS. See online help for details.
                 C:\Program Files (x86)\Microsoft Visual Studio 10.0\VC\include\string.h(105) : see declaration of 'strcpy'
     1>main.cpp(168): warning C4996: 'strcpy': This function or variable may be unsafe. Consider using strcpy_s instead. To disable deprecation, use _CRT_SECURE_NO_WARNINGS. See online help for details.
                 C:\Program Files (x86)\Microsoft Visual Studio 10.0\VC\include\string.h(105) : see declaration of 'strcpy'
     1>main.cpp(229): warning C4244: '=' : conversion from 'double' to 'int', possible loss of data
         WAVheader.cpp
     1>WAVheader.cpp(84): warning C4996: 'fopen': This function or variable may be unsafe. Consider using fopen_s instead. To disable deprecation, use _CRT_SECURE_NO_WARNINGS. See online help for details.
                 C:\Program Files (x86)\Microsoft Visual Studio 10.0\VC\include\stdio.h(234) : see declaration of 'fopen'
       Link:
         C:\Program Files (x86)\Microsoft Visual Studio 10.0\VC\bin\link.exe /ERRORREPORT:PROMPT /OUT:"D:\nastava\aadsp2\2016-2017\Vezbe\Vezba3\postavka\multitapEcho\Release\multitapEcho_model0.exe" /INCREMENTAL:NO /NOLOGO kernel32.lib user32.lib gdi32.lib winspool.lib comdlg32.lib advapi32.lib shell32.lib ole32.lib oleaut32.lib uuid.lib odbc32.lib odbccp32.lib /MANIFEST /ManifestFile:"Release\multitapEcho_model0.exe.intermediate.manifest" /MANIFESTUAC:"level='asInvoker' uiAccess='false'" /DEBUG /PDB:"D:\nastava\aadsp2\2016-2017\Vezbe\Vezba3\postavka\multitapEcho\Release\multitapEcho_model0.pdb" /SUBSYSTEM:CONSOLE /OPT:REF /OPT:ICF /LTCG /TLBID:1 /DYNAMICBASE /NXCOMPAT /IMPLIB:"D:\nastava\aadsp2\2016-2017\Vezbe\Vezba3\postavka\multitapEcho\Release\multitapEcho_model0.lib" /MACHINE:X86 Release\main.obj
         Release\WAVheader.obj
         Generating code
         Finished generating code
         multitapEcho_model0.vcxproj -> D:\nastava\aadsp2\2016-2017\Vezbe\Vezba3\postavka\multitapEcho\Release\multitapEcho_model0.exe
       Manifest:
         C:\Program Files (x86)\Microsoft SDKs\Windows\v7.0A\bin\mt.exe /nologo /verbose /outputresource:"D:\nastava\aadsp2\2016-2017\Vezbe\Vezba3\postavka\multitapEcho\Release\multitapEcho_model0.exe;#1" /manifest Release\multitapEcho_model0.exe.intermediate.manifest
     1>Done Building Project "D:\nastava\aadsp2\2016-2017\Vezbe\Vezba3\postavka\multitapEcho\multitapEcho_model0\multitapEcho_model0.vcxproj" (Build target(s)).

Build succeeded.

Time Elapsed 00:00:04.38
