d:\nastava\aadsp2\praktikum stampa\praktikum_code\resenje\vezba3\multitapecho\multitapecho_model0\release\wavheader.obj
d:\nastava\aadsp2\praktikum stampa\praktikum_code\resenje\vezba3\multitapecho\multitapecho_model0\release\main.obj
d:\nastava\aadsp2\praktikum stampa\praktikum_code\resenje\vezba3\multitapecho\multitapecho_model0\release\vc100.pdb
d:\nastava\aadsp2\praktikum stampa\praktikum_code\resenje\vezba3\multitapecho\release\multitapecho_model0.exe
d:\nastava\aadsp2\praktikum stampa\praktikum_code\resenje\vezba3\multitapecho\multitapecho_model0\release\multitapecho_model0.exe.intermediate.manifest
d:\nastava\aadsp2\praktikum stampa\praktikum_code\resenje\vezba3\multitapecho\release\multitapecho_model0.pdb
d:\nastava\aadsp2\2016-2017\vezbe\vezba3\postavka\multitapecho\multitapecho_model0\release\multitapecho_model0.vcxprojresolveassemblyreference.cache
d:\nastava\aadsp2\2016-2017\vezbe\vezba3\postavka\multitapecho\multitapecho_model0\release\main.obj
d:\nastava\aadsp2\2016-2017\vezbe\vezba3\postavka\multitapecho\multitapecho_model0\release\wavheader.obj
d:\nastava\aadsp2\2016-2017\vezbe\vezba3\postavka\multitapecho\multitapecho_model0\release\cl.command.1.tlog
d:\nastava\aadsp2\2016-2017\vezbe\vezba3\postavka\multitapecho\multitapecho_model0\release\cl.read.1.tlog
d:\nastava\aadsp2\2016-2017\vezbe\vezba3\postavka\multitapecho\multitapecho_model0\release\cl.write.1.tlog
d:\nastava\aadsp2\2016-2017\vezbe\vezba3\postavka\multitapecho\multitapecho_model0\release\link.command.1.tlog
d:\nastava\aadsp2\2016-2017\vezbe\vezba3\postavka\multitapecho\multitapecho_model0\release\link.read.1.tlog
d:\nastava\aadsp2\2016-2017\vezbe\vezba3\postavka\multitapecho\multitapecho_model0\release\link.write.1.tlog
d:\nastava\aadsp2\2016-2017\vezbe\vezba3\postavka\multitapecho\multitapecho_model0\release\mt.command.1.tlog
d:\nastava\aadsp2\2016-2017\vezbe\vezba3\postavka\multitapecho\multitapecho_model0\release\mt.read.1.tlog
d:\nastava\aadsp2\2016-2017\vezbe\vezba3\postavka\multitapecho\multitapecho_model0\release\mt.write.1.tlog
d:\nastava\aadsp2\2016-2017\vezbe\vezba3\postavka\multitapecho\multitapecho_model0\release\multitapecho_model0.write.1.tlog
d:\nastava\aadsp2\2016-2017\vezbe\vezba3\postavka\multitapecho\multitapecho_model0\release\multitapecho_model0.exe.intermediate.manifest
d:\nastava\aadsp2\2016-2017\vezbe\vezba3\postavka\multitapecho\multitapecho_model0\release\vc100.pdb
d:\nastava\aadsp2\2016-2017\vezbe\vezba3\postavka\multitapecho\multitapecho_model0\release\vc120.pdb
d:\nastava\aadsp2\2016-2017\vezbe\vezba3\postavka\multitapecho\release\multitapecho_model0.pdb
d:\nastava\aadsp2\2016-2017\vezbe\vezba3\postavka\multitapecho\release\multitapecho_model0.exe
d:\nastava\aadsp2\2016-2017\vezbe\vezba3\postavka\multitapecho\multitapecho_model0\release\multitap.27d0776b.tlog\cl.command.1.tlog
