1     	 0000					.public _FS
2     	 0000					.public _SplitLoPassCoeff
3     	 0000					.public _pcm
4     	 0000					.public _sampleBuffer
5     	 0000					.public _state
6     	 0000					.extern _fclose
7     	 0000					.extern _fconfig
8     	 0000					.extern _fopen
9     	 0000					.extern _fread
10    	 0000					.extern _fwrite
11    	 0000					.public _lowpass_rt
12    	 0000					.public _main
13    							.xdata_ovly
13     >> start of macro: .xdata_ovly
1+    									seg_single , "X_OVLY", X
1+     >> start of macro: seg_single
1+    						  .if ( "" != "" ) & defined( ___SegStart_X_ )
2+    						    segment
3+    						  .else
4+    						    segment "X_OVLY"
5+    							.if "" != ""
6+    						___SegStart_X_
7+    							.endif
8+    						  .endif
9+    							#RememberSegmentType
10+    >> end of macro: seg_single
2+     >> end of macro: .xdata_ovly
14    	 0000				_FS
15    	 0000					.bsc (0x1), 0x00000000
	 0000	 00000000	 
16    							.xdata_ovly
16     >> start of macro: .xdata_ovly
1+    									seg_single , "X_OVLY", X
1+     >> start of macro: seg_single
1+    						  .if ( "" != "" ) & defined( ___SegStart_X_ )
2+    						    segment
3+    						  .else
4+    						    segment "X_OVLY"
5+    							.if "" != ""
6+    						___SegStart_X_
7+    							.endif
8+    						  .endif
9+    							#RememberSegmentType
10+    >> end of macro: seg_single
2+     >> end of macro: .xdata_ovly
17    	 0000				_SplitLoPassCoeff
18    	 0000					.dw  (0x888a7b)
	 0000	 00888A7B	 
19    	 0001					.dw  (0x0)
	 0001	 00000000	 
20    	 0002					.dw  (0x3a006b5c)
	 0002	 3A006B5C	 
21    	 0003					.dw  (0x0)
	 0003	 00000000	 
22    	 0004					.dw  (0x211dabd8)
	 0004	 211DABD8	 
23    	 0005					.dw  (0xcacadb6c)
	 0005	 CACADB6C	 
24    	 0006					.dw  (0x74a4ac4f)
	 0006	 74A4AC4F	 
25    	 0007					.dw  (0x436ea16a)
	 0007	 436EA16A	 
26    	 0008					.dw  (0x41ad76ca)
	 0008	 41AD76CA	 
27    	 0009					.dw  (0xc8efde8c)
	 0009	 C8EFDE8C	 
28    	 000A					.dw  (0x767d7816)
	 000A	 767D7816	 
29    	 000B					.dw  (0x40bad0de)
	 000B	 40BAD0DE	 
30    	 000C					.dw  (0x4053d5f5)
	 000C	 4053D5F5	 
31    	 000D					.dw  (0xc5fb3e43)
	 000D	 C5FB3E43	 
32    	 000E					.dw  (0x796e55f2)
	 000E	 796E55F2	 
33    	 000F					.dw  (0x3dd73cdd)
	 000F	 3DD73CDD	 
34    	 0010					.dw  (0x3ee25ccc)
	 0010	 3EE25CCC	 
35    	 0011					.dw  (0xc22463c6)
	 0011	 C22463C6	 
36    	 0012					.dw  (0x7d407528)
	 0012	 7D407528	 
37    	 0013					.dw  (0x3c0f6f2b)
	 0013	 3C0F6F2B	 
38    	 0014					.dw  (0x3dfeaa9d)
	 0014	 3DFEAA9D	 
39    	 0015					.dw  (0x4dcc5b)
	 0015	 004DCC5B	 
40    	 0016					.dw  (0x0)
	 0016	 00000000	 
41    	 0017					.dw  (0x3b86f7ed)
	 0017	 3B86F7ED	 
42    	 0018					.dw  (0x0)
	 0018	 00000000	 
43    	 0019					.dw  (0x211dabd8)
	 0019	 211DABD8	 
44    	 001A					.dw  (0xc7fdd974)
	 001A	 C7FDD974	 
45    	 001B					.dw  (0x77b41689)
	 001B	 77B41689	 
46    	 001C					.dw  (0x436ea16a)
	 001C	 436EA16A	 
47    	 001D					.dw  (0x41ad76ca)
	 001D	 41AD76CA	 
48    	 001E					.dw  (0xc690360b)
	 001E	 C690360B	 
49    	 001F					.dw  (0x79224bf4)
	 001F	 79224BF4	 
50    	 0020					.dw  (0x40bad0de)
	 0020	 40BAD0DE	 
51    	 0021					.dw  (0x4053d5f5)
	 0021	 4053D5F5	 
52    	 0022					.dw  (0xc46bf56c)
	 0022	 C46BF56C	 
53    	 0023					.dw  (0x7b43cae6)
	 0023	 7B43CAE6	 
54    	 0024					.dw  (0x3dd73cdd)
	 0024	 3DD73CDD	 
55    	 0025					.dw  (0x3ee25ccc)
	 0025	 3EE25CCC	 
56    	 0026					.dw  (0xc190432e)
	 0026	 C190432E	 
57    	 0027					.dw  (0x7e1d8dc7)
	 0027	 7E1D8DC7	 
58    	 0028					.dw  (0x3c0f6f2b)
	 0028	 3C0F6F2B	 
59    	 0029					.dw  (0x3dfeaa9d)
	 0029	 3DFEAA9D	 
60    	 002A					.dw  (0x430672)
	 002A	 00430672	 
61    	 002B					.dw  (0x0)
	 002B	 00000000	 
62    	 002C					.dw  (0x3bc4f06e)
	 002C	 3BC4F06E	 
63    	 002D					.dw  (0x0)
	 002D	 00000000	 
64    	 002E					.dw  (0x211dabd8)
	 002E	 211DABD8	 
65    	 002F					.dw  (0xc75a0214)
	 002F	 C75A0214	 
66    	 0030					.dw  (0x7862d818)
	 0030	 7862D818	 
67    	 0031					.dw  (0x436ea16a)
	 0031	 436EA16A	 
68    	 0032					.dw  (0x41ad76ca)
	 0032	 41AD76CA	 
69    	 0033					.dw  (0xc5eec41f)
	 0033	 C5EEC41F	 
70    	 0034					.dw  (0x79d2194a)
	 0034	 79D2194A	 
71    	 0035					.dw  (0x40bad0de)
	 0035	 40BAD0DE	 
72    	 0036					.dw  (0x4053d5f5)
	 0036	 4053D5F5	 
73    	 0037					.dw  (0xc41f0db8)
	 0037	 C41F0DB8	 
74    	 0038					.dw  (0x7b9cf6de)
	 0038	 7B9CF6DE	 
75    	 0039					.dw  (0x3dd73cdd)
	 0039	 3DD73CDD	 
76    	 003A					.dw  (0x3ee25ccc)
	 003A	 3EE25CCC	 
77    	 003B					.dw  (0xc1707648)
	 003B	 C1707648	 
78    	 003C					.dw  (0x7e49f119)
	 003C	 7E49F119	 
79    	 003D					.dw  (0x3c0f6f2b)
	 003D	 3C0F6F2B	 
80    	 003E					.dw  (0x3dfeaa9d)
	 003E	 3DFEAA9D	 
81    							.xdata_ovly
81     >> start of macro: .xdata_ovly
1+    									seg_single , "X_OVLY", X
1+     >> start of macro: seg_single
1+    						  .if ( "" != "" ) & defined( ___SegStart_X_ )
2+    						    segment
3+    						  .else
4+    						    segment "X_OVLY"
5+    							.if "" != ""
6+    						___SegStart_X_
7+    							.endif
8+    						  .endif
9+    							#RememberSegmentType
10+    >> end of macro: seg_single
2+     >> end of macro: .xdata_ovly
82    	 0000				_pcm
83    	 0000					.bsc (0x40), 0x00000000
	 0000	 00000000	 
	 0001	 00000000	 
	 0002	 00000000	 
	 0003	 00000000	 
	 0004	 00000000	 
	 0005	 00000000	 
	 0006	 00000000	 
	 0007	 00000000	 
	 0008	 00000000	 
	 0009	 00000000	 
	 000A	 00000000	 
	 000B	 00000000	 
	 000C	 00000000	 
	 000D	 00000000	 
	 000E	 00000000	 
	 000F	 00000000	 
	 0010	 00000000	 
	 0011	 00000000	 
	 0012	 00000000	 
	 0013	 00000000	 
	 0014	 00000000	 
	 0015	 00000000	 
	 0016	 00000000	 
	 0017	 00000000	 
	 0018	 00000000	 
	 0019	 00000000	 
	 001A	 00000000	 
	 001B	 00000000	 
	 001C	 00000000	 
	 001D	 00000000	 
	 001E	 00000000	 
	 001F	 00000000	 
	 0020	 00000000	 
	 0021	 00000000	 
	 0022	 00000000	 
	 0023	 00000000	 
	 0024	 00000000	 
	 0025	 00000000	 
	 0026	 00000000	 
	 0027	 00000000	 
	 0028	 00000000	 
	 0029	 00000000	 
	 002A	 00000000	 
	 002B	 00000000	 
	 002C	 00000000	 
	 002D	 00000000	 
	 002E	 00000000	 
	 002F	 00000000	 
	 0030	 00000000	 
	 0031	 00000000	 
	 0032	 00000000	 
	 0033	 00000000	 
	 0034	 00000000	 
	 0035	 00000000	 
	 0036	 00000000	 
	 0037	 00000000	 
	 0038	 00000000	 
	 0039	 00000000	 
	 003A	 00000000	 
	 003B	 00000000	 
	 003C	 00000000	 
	 003D	 00000000	 
	 003E	 00000000	 
	 003F	 00000000	 
84    							.xdata_ovly
84     >> start of macro: .xdata_ovly
1+    									seg_single , "X_OVLY", X
1+     >> start of macro: seg_single
1+    						  .if ( "" != "" ) & defined( ___SegStart_X_ )
2+    						    segment
3+    						  .else
4+    						    segment "X_OVLY"
5+    							.if "" != ""
6+    						___SegStart_X_
7+    							.endif
8+    						  .endif
9+    							#RememberSegmentType
10+    >> end of macro: seg_single
2+     >> end of macro: .xdata_ovly
85    	 0000				_sampleBuffer
86    	 0000					.bsc (0x80), 0x00000000
	 0000	 00000000	 
	 0001	 00000000	 
	 0002	 00000000	 
	 0003	 00000000	 
	 0004	 00000000	 
	 0005	 00000000	 
	 0006	 00000000	 
	 0007	 00000000	 
	 0008	 00000000	 
	 0009	 00000000	 
	 000A	 00000000	 
	 000B	 00000000	 
	 000C	 00000000	 
	 000D	 00000000	 
	 000E	 00000000	 
	 000F	 00000000	 
	 0010	 00000000	 
	 0011	 00000000	 
	 0012	 00000000	 
	 0013	 00000000	 
	 0014	 00000000	 
	 0015	 00000000	 
	 0016	 00000000	 
	 0017	 00000000	 
	 0018	 00000000	 
	 0019	 00000000	 
	 001A	 00000000	 
	 001B	 00000000	 
	 001C	 00000000	 
	 001D	 00000000	 
	 001E	 00000000	 
	 001F	 00000000	 
	 0020	 00000000	 
	 0021	 00000000	 
	 0022	 00000000	 
	 0023	 00000000	 
	 0024	 00000000	 
	 0025	 00000000	 
	 0026	 00000000	 
	 0027	 00000000	 
	 0028	 00000000	 
	 0029	 00000000	 
	 002A	 00000000	 
	 002B	 00000000	 
	 002C	 00000000	 
	 002D	 00000000	 
	 002E	 00000000	 
	 002F	 00000000	 
	 0030	 00000000	 
	 0031	 00000000	 
	 0032	 00000000	 
	 0033	 00000000	 
	 0034	 00000000	 
	 0035	 00000000	 
	 0036	 00000000	 
	 0037	 00000000	 
	 0038	 00000000	 
	 0039	 00000000	 
	 003A	 00000000	 
	 003B	 00000000	 
	 003C	 00000000	 
	 003D	 00000000	 
	 003E	 00000000	 
	 003F	 00000000	 
	 0040	 00000000	 
	 0041	 00000000	 
	 0042	 00000000	 
	 0043	 00000000	 
	 0044	 00000000	 
	 0045	 00000000	 
	 0046	 00000000	 
	 0047	 00000000	 
	 0048	 00000000	 
	 0049	 00000000	 
	 004A	 00000000	 
	 004B	 00000000	 
	 004C	 00000000	 
	 004D	 00000000	 
	 004E	 00000000	 
	 004F	 00000000	 
	 0050	 00000000	 
	 0051	 00000000	 
	 0052	 00000000	 
	 0053	 00000000	 
	 0054	 00000000	 
	 0055	 00000000	 
	 0056	 00000000	 
	 0057	 00000000	 
	 0058	 00000000	 
	 0059	 00000000	 
	 005A	 00000000	 
	 005B	 00000000	 
	 005C	 00000000	 
	 005D	 00000000	 
	 005E	 00000000	 
	 005F	 00000000	 
	 0060	 00000000	 
	 0061	 00000000	 
	 0062	 00000000	 
	 0063	 00000000	 
	 0064	 00000000	 
	 0065	 00000000	 
	 0066	 00000000	 
	 0067	 00000000	 
	 0068	 00000000	 
	 0069	 00000000	 
	 006A	 00000000	 
	 006B	 00000000	 
	 006C	 00000000	 
	 006D	 00000000	 
	 006E	 00000000	 
	 006F	 00000000	 
	 0070	 00000000	 
	 0071	 00000000	 
	 0072	 00000000	 
	 0073	 00000000	 
	 0074	 00000000	 
	 0075	 00000000	 
	 0076	 00000000	 
	 0077	 00000000	 
	 0078	 00000000	 
	 0079	 00000000	 
	 007A	 00000000	 
	 007B	 00000000	 
	 007C	 00000000	 
	 007D	 00000000	 
	 007E	 00000000	 
	 007F	 00000000	 
87    							.xdata_ovly
87     >> start of macro: .xdata_ovly
1+    									seg_single , "X_OVLY", X
1+     >> start of macro: seg_single
1+    						  .if ( "" != "" ) & defined( ___SegStart_X_ )
2+    						    segment
3+    						  .else
4+    						    segment "X_OVLY"
5+    							.if "" != ""
6+    						___SegStart_X_
7+    							.endif
8+    						  .endif
9+    							#RememberSegmentType
10+    >> end of macro: seg_single
2+     >> end of macro: .xdata_ovly
88    	 0000				_state
89    	 0000					.bsc (0x100), 0x00000000
	 0000	 00000000	 
	 0001	 00000000	 
	 0002	 00000000	 
	 0003	 00000000	 
	 0004	 00000000	 
	 0005	 00000000	 
	 0006	 00000000	 
	 0007	 00000000	 
	 0008	 00000000	 
	 0009	 00000000	 
	 000A	 00000000	 
	 000B	 00000000	 
	 000C	 00000000	 
	 000D	 00000000	 
	 000E	 00000000	 
	 000F	 00000000	 
	 0010	 00000000	 
	 0011	 00000000	 
	 0012	 00000000	 
	 0013	 00000000	 
	 0014	 00000000	 
	 0015	 00000000	 
	 0016	 00000000	 
	 0017	 00000000	 
	 0018	 00000000	 
	 0019	 00000000	 
	 001A	 00000000	 
	 001B	 00000000	 
	 001C	 00000000	 
	 001D	 00000000	 
	 001E	 00000000	 
	 001F	 00000000	 
	 0020	 00000000	 
	 0021	 00000000	 
	 0022	 00000000	 
	 0023	 00000000	 
	 0024	 00000000	 
	 0025	 00000000	 
	 0026	 00000000	 
	 0027	 00000000	 
	 0028	 00000000	 
	 0029	 00000000	 
	 002A	 00000000	 
	 002B	 00000000	 
	 002C	 00000000	 
	 002D	 00000000	 
	 002E	 00000000	 
	 002F	 00000000	 
	 0030	 00000000	 
	 0031	 00000000	 
	 0032	 00000000	 
	 0033	 00000000	 
	 0034	 00000000	 
	 0035	 00000000	 
	 0036	 00000000	 
	 0037	 00000000	 
	 0038	 00000000	 
	 0039	 00000000	 
	 003A	 00000000	 
	 003B	 00000000	 
	 003C	 00000000	 
	 003D	 00000000	 
	 003E	 00000000	 
	 003F	 00000000	 
	 0040	 00000000	 
	 0041	 00000000	 
	 0042	 00000000	 
	 0043	 00000000	 
	 0044	 00000000	 
	 0045	 00000000	 
	 0046	 00000000	 
	 0047	 00000000	 
	 0048	 00000000	 
	 0049	 00000000	 
	 004A	 00000000	 
	 004B	 00000000	 
	 004C	 00000000	 
	 004D	 00000000	 
	 004E	 00000000	 
	 004F	 00000000	 
	 0050	 00000000	 
	 0051	 00000000	 
	 0052	 00000000	 
	 0053	 00000000	 
	 0054	 00000000	 
	 0055	 00000000	 
	 0056	 00000000	 
	 0057	 00000000	 
	 0058	 00000000	 
	 0059	 00000000	 
	 005A	 00000000	 
	 005B	 00000000	 
	 005C	 00000000	 
	 005D	 00000000	 
	 005E	 00000000	 
	 005F	 00000000	 
	 0060	 00000000	 
	 0061	 00000000	 
	 0062	 00000000	 
	 0063	 00000000	 
	 0064	 00000000	 
	 0065	 00000000	 
	 0066	 00000000	 
	 0067	 00000000	 
	 0068	 00000000	 
	 0069	 00000000	 
	 006A	 00000000	 
	 006B	 00000000	 
	 006C	 00000000	 
	 006D	 00000000	 
	 006E	 00000000	 
	 006F	 00000000	 
	 0070	 00000000	 
	 0071	 00000000	 
	 0072	 00000000	 
	 0073	 00000000	 
	 0074	 00000000	 
	 0075	 00000000	 
	 0076	 00000000	 
	 0077	 00000000	 
	 0078	 00000000	 
	 0079	 00000000	 
	 007A	 00000000	 
	 007B	 00000000	 
	 007C	 00000000	 
	 007D	 00000000	 
	 007E	 00000000	 
	 007F	 00000000	 
	 0080	 00000000	 
	 0081	 00000000	 
	 0082	 00000000	 
	 0083	 00000000	 
	 0084	 00000000	 
	 0085	 00000000	 
	 0086	 00000000	 
	 0087	 00000000	 
	 0088	 00000000	 
	 0089	 00000000	 
	 008A	 00000000	 
	 008B	 00000000	 
	 008C	 00000000	 
	 008D	 00000000	 
	 008E	 00000000	 
	 008F	 00000000	 
	 0090	 00000000	 
	 0091	 00000000	 
	 0092	 00000000	 
	 0093	 00000000	 
	 0094	 00000000	 
	 0095	 00000000	 
	 0096	 00000000	 
	 0097	 00000000	 
	 0098	 00000000	 
	 0099	 00000000	 
	 009A	 00000000	 
	 009B	 00000000	 
	 009C	 00000000	 
	 009D	 00000000	 
	 009E	 00000000	 
	 009F	 00000000	 
	 00A0	 00000000	 
	 00A1	 00000000	 
	 00A2	 00000000	 
	 00A3	 00000000	 
	 00A4	 00000000	 
	 00A5	 00000000	 
	 00A6	 00000000	 
	 00A7	 00000000	 
	 00A8	 00000000	 
	 00A9	 00000000	 
	 00AA	 00000000	 
	 00AB	 00000000	 
	 00AC	 00000000	 
	 00AD	 00000000	 
	 00AE	 00000000	 
	 00AF	 00000000	 
	 00B0	 00000000	 
	 00B1	 00000000	 
	 00B2	 00000000	 
	 00B3	 00000000	 
	 00B4	 00000000	 
	 00B5	 00000000	 
	 00B6	 00000000	 
	 00B7	 00000000	 
	 00B8	 00000000	 
	 00B9	 00000000	 
	 00BA	 00000000	 
	 00BB	 00000000	 
	 00BC	 00000000	 
	 00BD	 00000000	 
	 00BE	 00000000	 
	 00BF	 00000000	 
	 00C0	 00000000	 
	 00C1	 00000000	 
	 00C2	 00000000	 
	 00C3	 00000000	 
	 00C4	 00000000	 
	 00C5	 00000000	 
	 00C6	 00000000	 
	 00C7	 00000000	 
	 00C8	 00000000	 
	 00C9	 00000000	 
	 00CA	 00000000	 
	 00CB	 00000000	 
	 00CC	 00000000	 
	 00CD	 00000000	 
	 00CE	 00000000	 
	 00CF	 00000000	 
	 00D0	 00000000	 
	 00D1	 00000000	 
	 00D2	 00000000	 
	 00D3	 00000000	 
	 00D4	 00000000	 
	 00D5	 00000000	 
	 00D6	 00000000	 
	 00D7	 00000000	 
	 00D8	 00000000	 
	 00D9	 00000000	 
	 00DA	 00000000	 
	 00DB	 00000000	 
	 00DC	 00000000	 
	 00DD	 00000000	 
	 00DE	 00000000	 
	 00DF	 00000000	 
	 00E0	 00000000	 
	 00E1	 00000000	 
	 00E2	 00000000	 
	 00E3	 00000000	 
	 00E4	 00000000	 
	 00E5	 00000000	 
	 00E6	 00000000	 
	 00E7	 00000000	 
	 00E8	 00000000	 
	 00E9	 00000000	 
	 00EA	 00000000	 
	 00EB	 00000000	 
	 00EC	 00000000	 
	 00ED	 00000000	 
	 00EE	 00000000	 
	 00EF	 00000000	 
	 00F0	 00000000	 
	 00F1	 00000000	 
	 00F2	 00000000	 
	 00F3	 00000000	 
	 00F4	 00000000	 
	 00F5	 00000000	 
	 00F6	 00000000	 
	 00F7	 00000000	 
	 00F8	 00000000	 
	 00F9	 00000000	 
	 00FA	 00000000	 
	 00FB	 00000000	 
	 00FC	 00000000	 
	 00FD	 00000000	 
	 00FE	 00000000	 
	 00FF	 00000000	 
90    							.xdata_ovly
90     >> start of macro: .xdata_ovly
1+    									seg_single , "X_OVLY", X
1+     >> start of macro: seg_single
1+    						  .if ( "" != "" ) & defined( ___SegStart_X_ )
2+    						    segment
3+    						  .else
4+    						    segment "X_OVLY"
5+    							.if "" != ""
6+    						___SegStart_X_
7+    							.endif
8+    						  .endif
9+    							#RememberSegmentType
10+    >> end of macro: seg_single
2+     >> end of macro: .xdata_ovly
91    	 0000				_string_const_0
92    	 0000					.dw  (0x2e)
	 0000	 0000002E	 
93    	 0001					.dw  (0x2e)
	 0001	 0000002E	 
94    	 0002					.dw  (0x2f)
	 0002	 0000002F	 
95    	 0003					.dw  (0x2f)
	 0003	 0000002F	 
96    	 0004					.dw  (0x6f)
	 0004	 0000006F	 
97    	 0005					.dw  (0x75)
	 0005	 00000075	 
98    	 0006					.dw  (0x74)
	 0006	 00000074	 
99    	 0007					.dw  (0x5f)
	 0007	 0000005F	 
100   	 0008					.dw  (0x69)
	 0008	 00000069	 
101   	 0009					.dw  (0x6e)
	 0009	 0000006E	 
102   	 000A					.dw  (0x74)
	 000A	 00000074	 
103   	 000B					.dw  (0x6c)
	 000B	 0000006C	 
104   	 000C					.dw  (0x5f)
	 000C	 0000005F	 
105   	 000D					.dw  (0x6d)
	 000D	 0000006D	 
106   	 000E					.dw  (0x6f)
	 000E	 0000006F	 
107   	 000F					.dw  (0x64)
	 000F	 00000064	 
108   	 0010					.dw  (0x65)
	 0010	 00000065	 
109   	 0011					.dw  (0x6c)
	 0011	 0000006C	 
110   	 0012					.dw  (0x33)
	 0012	 00000033	 
111   	 0013					.dw  (0x2e)
	 0013	 0000002E	 
112   	 0014					.dw  (0x70)
	 0014	 00000070	 
113   	 0015					.dw  (0x63)
	 0015	 00000063	 
114   	 0016					.dw  (0x6d)
	 0016	 0000006D	 
115   	 0017					.dw  (0x0)
	 0017	 00000000	 
116   							.xdata_ovly
116    >> start of macro: .xdata_ovly
1+    									seg_single , "X_OVLY", X
1+     >> start of macro: seg_single
1+    						  .if ( "" != "" ) & defined( ___SegStart_X_ )
2+    						    segment
3+    						  .else
4+    						    segment "X_OVLY"
5+    							.if "" != ""
6+    						___SegStart_X_
7+    							.endif
8+    						  .endif
9+    							#RememberSegmentType
10+    >> end of macro: seg_single
2+     >> end of macro: .xdata_ovly
117   	 0000				_string_const_1
118   	 0000					.dw  (0x77)
	 0000	 00000077	 
119   	 0001					.dw  (0x2b)
	 0001	 0000002B	 
120   	 0002					.dw  (0x62)
	 0002	 00000062	 
121   	 0003					.dw  (0x0)
	 0003	 00000000	 
122   							.xdata_ovly
122    >> start of macro: .xdata_ovly
1+    									seg_single , "X_OVLY", X
1+     >> start of macro: seg_single
1+    						  .if ( "" != "" ) & defined( ___SegStart_X_ )
2+    						    segment
3+    						  .else
4+    						    segment "X_OVLY"
5+    							.if "" != ""
6+    						___SegStart_X_
7+    							.endif
8+    						  .endif
9+    							#RememberSegmentType
10+    >> end of macro: seg_single
2+     >> end of macro: .xdata_ovly
123   	 0000				_string_const_2
124   	 0000					.dw  (0x2e)
	 0000	 0000002E	 
125   	 0001					.dw  (0x2e)
	 0001	 0000002E	 
126   	 0002					.dw  (0x2f)
	 0002	 0000002F	 
127   	 0003					.dw  (0x2f)
	 0003	 0000002F	 
128   	 0004					.dw  (0x70)
	 0004	 00000070	 
129   	 0005					.dw  (0x63)
	 0005	 00000063	 
130   	 0006					.dw  (0x6d)
	 0006	 0000006D	 
131   	 0007					.dw  (0x2f)
	 0007	 0000002F	 
132   	 0008					.dw  (0x2f)
	 0008	 0000002F	 
133   	 0009					.dw  (0x77)
	 0009	 00000077	 
134   	 000A					.dw  (0x68)
	 000A	 00000068	 
135   	 000B					.dw  (0x69)
	 000B	 00000069	 
136   	 000C					.dw  (0x74)
	 000C	 00000074	 
137   	 000D					.dw  (0x65)
	 000D	 00000065	 
138   	 000E					.dw  (0x4e)
	 000E	 0000004E	 
139   	 000F					.dw  (0x6f)
	 000F	 0000006F	 
140   	 0010					.dw  (0x69)
	 0010	 00000069	 
141   	 0011					.dw  (0x73)
	 0011	 00000073	 
142   	 0012					.dw  (0x65)
	 0012	 00000065	 
143   	 0013					.dw  (0x5f)
	 0013	 0000005F	 
144   	 0014					.dw  (0x69)
	 0014	 00000069	 
145   	 0015					.dw  (0x6e)
	 0015	 0000006E	 
146   	 0016					.dw  (0x74)
	 0016	 00000074	 
147   	 0017					.dw  (0x65)
	 0017	 00000065	 
148   	 0018					.dw  (0x6c)
	 0018	 0000006C	 
149   	 0019					.dw  (0x2e)
	 0019	 0000002E	 
150   	 001A					.dw  (0x70)
	 001A	 00000070	 
151   	 001B					.dw  (0x63)
	 001B	 00000063	 
152   	 001C					.dw  (0x6d)
	 001C	 0000006D	 
153   	 001D					.dw  (0x0)
	 001D	 00000000	 
154   							.xdata_ovly
154    >> start of macro: .xdata_ovly
1+    									seg_single , "X_OVLY", X
1+     >> start of macro: seg_single
1+    						  .if ( "" != "" ) & defined( ___SegStart_X_ )
2+    						    segment
3+    						  .else
4+    						    segment "X_OVLY"
5+    							.if "" != ""
6+    						___SegStart_X_
7+    							.endif
8+    						  .endif
9+    							#RememberSegmentType
10+    >> end of macro: seg_single
2+     >> end of macro: .xdata_ovly
155   	 0000				_string_const_3
156   	 0000					.dw  (0x72)
	 0000	 00000072	 
157   	 0001					.dw  (0x2b)
	 0001	 0000002B	 
158   	 0002					.dw  (0x62)
	 0002	 00000062	 
159   	 0003					.dw  (0x0)
	 0003	 00000000	 
160   							.code_ovly
160    >> start of macro: .code_ovly
1+    									seg_single , "CODE_OVLY", CODE
1+     >> start of macro: seg_single
1+    						  .if ( "" != "" ) & defined( ___SegStart_CODE_ )
2+    						    segment
3+    						  .else
4+    						    segment "CODE_OVLY"
5+    							.if "" != ""
6+    						___SegStart_CODE_
7+    							.endif
8+    						  .endif
9+    							#RememberSegmentType
10+    >> end of macro: seg_single
2+     >> end of macro: .code_ovly
161   						
162   						
163   						
164   	 0000				_lowpass_rt:
165   	 0000	 BB540007		xmem[i7] = i7
166   	 0001	 020F7FFF		i7 += 1
167   	 0002	 B2540007		xmem[i7] = i2
168   	 0003	 87750017		i7 = i7 + (0x17)
169   	 0004	 92750001		i2 = i7 - (0x1)
170   	 0005	 B0540002		xmem[i2] = i0
171   	 0006	 90750002		i0 = i7 - (0x2)
172   	 0007	 B1540000		xmem[i0] = i1
173   	 0008	 90750003		i0 = i7 - (0x3)
174   	 0009	 B8540000		xmem[i0] = i4
175   	 000A	 90750004		i0 = i7 - (0x4)
176   	 000B	 B9540000		xmem[i0] = i5
177   	 000C				cline_53_0:
178   	 000C	 90750004		i0 = i7 - (0x4)
179   	 000D	 B0140000		i0 = xmem[i0]
180   	 000E	 91750005		i1 = i7 - (0x5)
181   	 000F	 88140000		a0 = xmem[i0]
182   	 0010	 98540001		xmem[i1] = a0h
183   	 0011				cline_61_0:
184   	 0011	 90750004		i0 = i7 - (0x4)
185   	 0012	 B0140000		i0 = xmem[i0]
186   	 0013	 91750006		i1 = i7 - (0x6)
187   	 0014	 02087FFF		i0 += 1
188   	 0015	 B0540001		xmem[i1] = i0
189   	 0016				cline_62_0:
190   	 0016	 90750003		i0 = i7 - (0x3)
191   	 0017	 88140000		a0 = xmem[i0]
192   	 0018	 90750007		i0 = i7 - (0x7)
193   	 0019	 88540000		xmem[i0] = a0
194   	 001A				cline_63_0:
195   	 001A	 90750008		i0 = i7 - (0x8)
196   	 001B	 00004DC0		a0 = 0
197   	 001C	 98540000		xmem[i0] = a0h
198   	 001D	 8050018D		do (0x5), label_end_93
199   	 001E				cline_65_0:
200   	 001E				label_begin_93:
201   	 001E	 90750007		i0 = i7 - (0x7)
202   	 001F	 88140000		a0 = xmem[i0]
203   	 0020	 90750009		i0 = i7 - (0x9)
204   	 0021	 88540000		xmem[i0] = a0
205   	 0022				cline_67_0:
206   	 0022	 90750006		i0 = i7 - (0x6)
207   	 0023	 B0140000		i0 = xmem[i0]
208   	 0024	 9175000A		i1 = i7 - (0xa)
209   	 0025	 88140000		a0 = xmem[i0]
210   	 0026	 98540001		xmem[i1] = a0h
211   	 0027	 90750006		i0 = i7 - (0x6)
212   	 0028	 B0140000		i0 = xmem[i0]
213   	 0029	 91750006		i1 = i7 - (0x6)
214   	 002A	 02087FFF		i0 += 1
215   	 002B	 B0540001		xmem[i1] = i0
216   	 002C				cline_69_0:
217   	 002C	 90750006		i0 = i7 - (0x6)
218   	 002D	 B0140000		i0 = xmem[i0]
219   	 002E	 9175000B		i1 = i7 - (0xb)
220   	 002F	 88140000		a0 = xmem[i0]
221   	 0030	 98540001		xmem[i1] = a0h
222   	 0031	 90750006		i0 = i7 - (0x6)
223   	 0032	 B0140000		i0 = xmem[i0]
224   	 0033	 91750006		i1 = i7 - (0x6)
225   	 0034	 02087FFF		i0 += 1
226   	 0035	 B0540001		xmem[i1] = i0
227   	 0036				cline_70_0:
228   	 0036	 90750006		i0 = i7 - (0x6)
229   	 0037	 B0140000		i0 = xmem[i0]
230   	 0038	 9175000C		i1 = i7 - (0xc)
231   	 0039	 88140000		a0 = xmem[i0]
232   	 003A	 98540001		xmem[i1] = a0h
233   	 003B	 90750006		i0 = i7 - (0x6)
234   	 003C	 B0140000		i0 = xmem[i0]
235   	 003D	 91750006		i1 = i7 - (0x6)
236   	 003E	 02087FFF		i0 += 1
237   	 003F	 B0540001		xmem[i1] = i0
238   	 0040				cline_71_0:
239   	 0040	 90750006		i0 = i7 - (0x6)
240   	 0041	 B0140000		i0 = xmem[i0]
241   	 0042	 9175000D		i1 = i7 - (0xd)
242   	 0043	 88140000		a0 = xmem[i0]
243   	 0044	 98540001		xmem[i1] = a0h
244   	 0045	 90750006		i0 = i7 - (0x6)
245   	 0046	 B0140000		i0 = xmem[i0]
246   	 0047	 91750006		i1 = i7 - (0x6)
247   	 0048	 02087FFF		i0 += 1
248   	 0049	 B0540001		xmem[i1] = i0
249   	 004A				cline_72_0:
250   	 004A	 90750009		i0 = i7 - (0x9)
251   	 004B	 B0140000		i0 = xmem[i0]
252   	 004C	 9175000E		i1 = i7 - (0xe)
253   	 004D	 88140000		a0 = xmem[i0]
254   	 004E	 98540001		xmem[i1] = a0h
255   	 004F	 90750009		i0 = i7 - (0x9)
256   	 0050	 B0140000		i0 = xmem[i0]
257   	 0051	 91750009		i1 = i7 - (0x9)
258   	 0052	 02087FFF		i0 += 1
259   	 0053	 B0540001		xmem[i1] = i0
260   	 0054				cline_75_0:
261   	 0054	 90750009		i0 = i7 - (0x9)
262   	 0055	 B0140000		i0 = xmem[i0]
263   	 0056	 9175000F		i1 = i7 - (0xf)
264   	 0057	 88140000		a0 = xmem[i0]
265   	 0058	 98540001		xmem[i1] = a0h
266   	 0059	 90750009		i0 = i7 - (0x9)
267   	 005A	 B0140000		i0 = xmem[i0]
268   	 005B	 91750009		i1 = i7 - (0x9)
269   	 005C	 02087FFF		i0 += 1
270   	 005D	 B0540001		xmem[i1] = i0
271   	 005E				cline_76_0:
272   	 005E	 90750009		i0 = i7 - (0x9)
273   	 005F	 B0140000		i0 = xmem[i0]
274   	 0060	 91750010		i1 = i7 - (0x10)
275   	 0061	 88140000		a0 = xmem[i0]
276   	 0062	 98540001		xmem[i1] = a0h
277   	 0063	 90750009		i0 = i7 - (0x9)
278   	 0064	 B0140000		i0 = xmem[i0]
279   	 0065	 91750009		i1 = i7 - (0x9)
280   	 0066	 02087FFF		i0 += 1
281   	 0067	 B0540001		xmem[i1] = i0
282   	 0068				cline_77_0:
283   	 0068	 90750009		i0 = i7 - (0x9)
284   	 0069	 B0140000		i0 = xmem[i0]
285   	 006A	 91750011		i1 = i7 - (0x11)
286   	 006B	 88140000		a0 = xmem[i0]
287   	 006C	 98540001		xmem[i1] = a0h
288   	 006D				cline_78_0:
289   	 006D	 90750008		i0 = i7 - (0x8)
290   	 006E	 88140000		a0 = xmem[i0]
291   	 006F	 00004E80		a0 & a0
292   	 0070	 85080074		if (a <= 0) jmp (elsecondition_0)
293   	 0071	 90750002		i0 = i7 - (0x2)
294   	 0072	 B0140000		i0 = xmem[i0]
295   	 0073	 80080076		jmp (endcondition_0)
296   	 0074				elsecondition_0:
297   	 0074	 90750001		i0 = i7 - (0x1)
298   	 0075	 B0140000		i0 = xmem[i0]
299   	 0076				endcondition_0:
300   	 0076	 91750012		i1 = i7 - (0x12)
301   	 0077	 B0540001		xmem[i1] = i0
302   	 0078				cline_83_0:
303   	 0078	 90750002		i0 = i7 - (0x2)
304   	 0079	 88140000		a0 = xmem[i0]
305   	 007A	 90750013		i0 = i7 - (0x13)
306   	 007B	 88540000		xmem[i0] = a0
307   	 007C				cline_84_0:
308   	 007C	 90750014		i0 = i7 - (0x14)
309   	 007D	 00004DC0		a0 = 0
310   	 007E	 98540000		xmem[i0] = a0h
311   	 007F	 8200015F		do (0x20), label_end_92
312   	 0080				cline_86_0:
313   	 0080				label_begin_92:
314   	 0080	 9075000E		i0 = i7 - (0xe)
315   	 0081	 80140000		x0 = xmem[i0]
316   	 0082	 9075000D		i0 = i7 - (0xd)
317   	 0083	 81140000		x1 = xmem[i0]
318   	 0084	 00002080		a0 = x0 * x1
319   	 0085	 90750017		i0 = i7 - (0x17)
320   	 0086	 A0540010		xmem[i0] = a0g; i0 += 1
321   	 0087	 98540010		xmem[i0] = a0h; i0 += 1
322   	 0088	 90540000		xmem[i0] = a0l
323   	 0089				cline_88_0:
324   	 0089	 90750017		i0 = i7 - (0x17)
325   	 008A	 A0140010		a0g = xmem[i0]; i0 += 1
326   	 008B	 98140010		a0h = xmem[i0]; i0 += 1
327   	 008C	 90140000		a0l = xmem[i0]
328   	 008D	 00004E00		a0 = a0 << 1
329   	 008E	 90750017		i0 = i7 - (0x17)
330   	 008F	 A0540010		xmem[i0] = a0g; i0 += 1
331   	 0090	 98540010		xmem[i0] = a0h; i0 += 1
332   	 0091	 90540000		xmem[i0] = a0l
333   	 0092				cline_89_0:
334   	 0092	 9075000F		i0 = i7 - (0xf)
335   	 0093	 80140000		x0 = xmem[i0]
336   	 0094	 9075000C		i0 = i7 - (0xc)
337   	 0095	 81140000		x1 = xmem[i0]
338   	 0096	 90750017		i0 = i7 - (0x17)
339   	 0097	 A0140010		a0g = xmem[i0]; i0 += 1
340   	 0098	 98140010		a0h = xmem[i0]; i0 += 1
341   	 0099	 90140000		a0l = xmem[i0]
342   	 009A	 00002088		a0 += x0 * x1
343   	 009B	 90750017		i0 = i7 - (0x17)
344   	 009C	 A0540010		xmem[i0] = a0g; i0 += 1
345   	 009D	 98540010		xmem[i0] = a0h; i0 += 1
346   	 009E	 90540000		xmem[i0] = a0l
347   	 009F				cline_90_0:
348   	 009F	 90750010		i0 = i7 - (0x10)
349   	 00A0	 80140000		x0 = xmem[i0]
350   	 00A1	 9075000B		i0 = i7 - (0xb)
351   	 00A2	 81140000		x1 = xmem[i0]
352   	 00A3	 90750017		i0 = i7 - (0x17)
353   	 00A4	 A0140010		a0g = xmem[i0]; i0 += 1
354   	 00A5	 98140010		a0h = xmem[i0]; i0 += 1
355   	 00A6	 90140000		a0l = xmem[i0]
356   	 00A7	 00002088		a0 += x0 * x1
357   	 00A8	 90750017		i0 = i7 - (0x17)
358   	 00A9	 A0540010		xmem[i0] = a0g; i0 += 1
359   	 00AA	 98540010		xmem[i0] = a0h; i0 += 1
360   	 00AB	 90540000		xmem[i0] = a0l
361   	 00AC				cline_91_0:
362   	 00AC	 90750011		i0 = i7 - (0x11)
363   	 00AD	 80140000		x0 = xmem[i0]
364   	 00AE	 9075000A		i0 = i7 - (0xa)
365   	 00AF	 81140000		x1 = xmem[i0]
366   	 00B0	 90750017		i0 = i7 - (0x17)
367   	 00B1	 A0140010		a0g = xmem[i0]; i0 += 1
368   	 00B2	 98140010		a0h = xmem[i0]; i0 += 1
369   	 00B3	 90140000		a0l = xmem[i0]
370   	 00B4	 00002088		a0 += x0 * x1
371   	 00B5	 90750017		i0 = i7 - (0x17)
372   	 00B6	 A0540010		xmem[i0] = a0g; i0 += 1
373   	 00B7	 98540010		xmem[i0] = a0h; i0 += 1
374   	 00B8	 90540000		xmem[i0] = a0l
375   	 00B9				cline_92_0:
376   	 00B9	 90750017		i0 = i7 - (0x17)
377   	 00BA	 A0140010		a0g = xmem[i0]; i0 += 1
378   	 00BB	 98140010		a0h = xmem[i0]; i0 += 1
379   	 00BC	 90140000		a0l = xmem[i0]
380   	 00BD	 00004E00		a0 = a0 << 1
381   	 00BE	 90750017		i0 = i7 - (0x17)
382   	 00BF	 A0540010		xmem[i0] = a0g; i0 += 1
383   	 00C0	 98540010		xmem[i0] = a0h; i0 += 1
384   	 00C1	 90540000		xmem[i0] = a0l
385   	 00C2				cline_93_0:
386   	 00C2	 90750012		i0 = i7 - (0x12)
387   	 00C3	 B0140000		i0 = xmem[i0]
388   	 00C4	 91750017		i1 = i7 - (0x17)
389   	 00C5	 88140000		a0 = xmem[i0]
390   	 00C6	 A1140011		a1g = xmem[i1]; i1 += 1
391   	 00C7	 99140011		a1h = xmem[i1]; i1 += 1
392   	 00C8	 91140001		a1l = xmem[i1]
393   	 00C9	 00004408		a0 = a0 + a1
394   	 00CA	 90750017		i0 = i7 - (0x17)
395   	 00CB	 A0540010		xmem[i0] = a0g; i0 += 1
396   	 00CC	 98540010		xmem[i0] = a0h; i0 += 1
397   	 00CD	 90540000		xmem[i0] = a0l
398   	 00CE				cline_94_0:
399   	 00CE	 90750012		i0 = i7 - (0x12)
400   	 00CF	 B0140000		i0 = xmem[i0]
401   	 00D0	 9175000F		i1 = i7 - (0xf)
402   	 00D1	 88140000		a0 = xmem[i0]
403   	 00D2	 98540001		xmem[i1] = a0h
404   	 00D3	 90750012		i0 = i7 - (0x12)
405   	 00D4	 B0140000		i0 = xmem[i0]
406   	 00D5	 91750012		i1 = i7 - (0x12)
407   	 00D6	 02087FFF		i0 += 1
408   	 00D7	 B0540001		xmem[i1] = i0
409   	 00D8				cline_96_0:
410   	 00D8	 90750017		i0 = i7 - (0x17)
411   	 00D9	 A0140010		a0g = xmem[i0]; i0 += 1
412   	 00DA	 98140010		a0h = xmem[i0]; i0 += 1
413   	 00DB	 90140000		a0l = xmem[i0]
414   	 00DC	 90750011		i0 = i7 - (0x11)
415   	 00DD	 88540000		xmem[i0] = a0
416   	 00DE				cline_97_0:
417   	 00DE	 90750013		i0 = i7 - (0x13)
418   	 00DF	 B0140000		i0 = xmem[i0]
419   	 00E0	 91750017		i1 = i7 - (0x17)
420   	 00E1	 A0140011		a0g = xmem[i1]; i1 += 1
421   	 00E2	 98140011		a0h = xmem[i1]; i1 += 1
422   	 00E3	 90140001		a0l = xmem[i1]
423   	 00E4	 91750005		i1 = i7 - (0x5)
424   	 00E5	 21E07FFF		x1 = xmem[i1]; x0 = a0
425   	 00E6	 00002080		a0 = x0 * x1
426   	 00E7	 88540000		xmem[i0] = a0
427   	 00E8	 90750013		i0 = i7 - (0x13)
428   	 00E9	 B0140000		i0 = xmem[i0]
429   	 00EA	 91750013		i1 = i7 - (0x13)
430   	 00EB	 02087FFF		i0 += 1
431   	 00EC	 B0540001		xmem[i1] = i0
432   	 00ED				cline_102_0:
433   	 00ED	 9075000F		i0 = i7 - (0xf)
434   	 00EE	 80140000		x0 = xmem[i0]
435   	 00EF	 9075000D		i0 = i7 - (0xd)
436   	 00F0	 81140000		x1 = xmem[i0]
437   	 00F1	 00002080		a0 = x0 * x1
438   	 00F2	 90750017		i0 = i7 - (0x17)
439   	 00F3	 A0540010		xmem[i0] = a0g; i0 += 1
440   	 00F4	 98540010		xmem[i0] = a0h; i0 += 1
441   	 00F5	 90540000		xmem[i0] = a0l
442   	 00F6				cline_104_0:
443   	 00F6	 90750017		i0 = i7 - (0x17)
444   	 00F7	 A0140010		a0g = xmem[i0]; i0 += 1
445   	 00F8	 98140010		a0h = xmem[i0]; i0 += 1
446   	 00F9	 90140000		a0l = xmem[i0]
447   	 00FA	 00004E00		a0 = a0 << 1
448   	 00FB	 90750017		i0 = i7 - (0x17)
449   	 00FC	 A0540010		xmem[i0] = a0g; i0 += 1
450   	 00FD	 98540010		xmem[i0] = a0h; i0 += 1
451   	 00FE	 90540000		xmem[i0] = a0l
452   	 00FF				cline_105_0:
453   	 00FF	 9075000E		i0 = i7 - (0xe)
454   	 0100	 80140000		x0 = xmem[i0]
455   	 0101	 9075000C		i0 = i7 - (0xc)
456   	 0102	 81140000		x1 = xmem[i0]
457   	 0103	 90750017		i0 = i7 - (0x17)
458   	 0104	 A0140010		a0g = xmem[i0]; i0 += 1
459   	 0105	 98140010		a0h = xmem[i0]; i0 += 1
460   	 0106	 90140000		a0l = xmem[i0]
461   	 0107	 00002088		a0 += x0 * x1
462   	 0108	 90750017		i0 = i7 - (0x17)
463   	 0109	 A0540010		xmem[i0] = a0g; i0 += 1
464   	 010A	 98540010		xmem[i0] = a0h; i0 += 1
465   	 010B	 90540000		xmem[i0] = a0l
466   	 010C				cline_106_0:
467   	 010C	 90750011		i0 = i7 - (0x11)
468   	 010D	 80140000		x0 = xmem[i0]
469   	 010E	 9075000B		i0 = i7 - (0xb)
470   	 010F	 81140000		x1 = xmem[i0]
471   	 0110	 90750017		i0 = i7 - (0x17)
472   	 0111	 A0140010		a0g = xmem[i0]; i0 += 1
473   	 0112	 98140010		a0h = xmem[i0]; i0 += 1
474   	 0113	 90140000		a0l = xmem[i0]
475   	 0114	 00002088		a0 += x0 * x1
476   	 0115	 90750017		i0 = i7 - (0x17)
477   	 0116	 A0540010		xmem[i0] = a0g; i0 += 1
478   	 0117	 98540010		xmem[i0] = a0h; i0 += 1
479   	 0118	 90540000		xmem[i0] = a0l
480   	 0119				cline_107_0:
481   	 0119	 90750010		i0 = i7 - (0x10)
482   	 011A	 80140000		x0 = xmem[i0]
483   	 011B	 9075000A		i0 = i7 - (0xa)
484   	 011C	 81140000		x1 = xmem[i0]
485   	 011D	 90750017		i0 = i7 - (0x17)
486   	 011E	 A0140010		a0g = xmem[i0]; i0 += 1
487   	 011F	 98140010		a0h = xmem[i0]; i0 += 1
488   	 0120	 90140000		a0l = xmem[i0]
489   	 0121	 00002088		a0 += x0 * x1
490   	 0122	 90750017		i0 = i7 - (0x17)
491   	 0123	 A0540010		xmem[i0] = a0g; i0 += 1
492   	 0124	 98540010		xmem[i0] = a0h; i0 += 1
493   	 0125	 90540000		xmem[i0] = a0l
494   	 0126				cline_108_0:
495   	 0126	 90750017		i0 = i7 - (0x17)
496   	 0127	 A0140010		a0g = xmem[i0]; i0 += 1
497   	 0128	 98140010		a0h = xmem[i0]; i0 += 1
498   	 0129	 90140000		a0l = xmem[i0]
499   	 012A	 00004E00		a0 = a0 << 1
500   	 012B	 90750017		i0 = i7 - (0x17)
501   	 012C	 A0540010		xmem[i0] = a0g; i0 += 1
502   	 012D	 98540010		xmem[i0] = a0h; i0 += 1
503   	 012E	 90540000		xmem[i0] = a0l
504   	 012F				cline_109_0:
505   	 012F	 90750012		i0 = i7 - (0x12)
506   	 0130	 B0140000		i0 = xmem[i0]
507   	 0131	 91750017		i1 = i7 - (0x17)
508   	 0132	 88140000		a0 = xmem[i0]
509   	 0133	 A1140011		a1g = xmem[i1]; i1 += 1
510   	 0134	 99140011		a1h = xmem[i1]; i1 += 1
511   	 0135	 91140001		a1l = xmem[i1]
512   	 0136	 00004408		a0 = a0 + a1
513   	 0137	 90750017		i0 = i7 - (0x17)
514   	 0138	 A0540010		xmem[i0] = a0g; i0 += 1
515   	 0139	 98540010		xmem[i0] = a0h; i0 += 1
516   	 013A	 90540000		xmem[i0] = a0l
517   	 013B				cline_110_0:
518   	 013B	 90750012		i0 = i7 - (0x12)
519   	 013C	 B0140000		i0 = xmem[i0]
520   	 013D	 9175000E		i1 = i7 - (0xe)
521   	 013E	 88140000		a0 = xmem[i0]
522   	 013F	 98540001		xmem[i1] = a0h
523   	 0140	 90750012		i0 = i7 - (0x12)
524   	 0141	 B0140000		i0 = xmem[i0]
525   	 0142	 91750012		i1 = i7 - (0x12)
526   	 0143	 02087FFF		i0 += 1
527   	 0144	 B0540001		xmem[i1] = i0
528   	 0145				cline_112_0:
529   	 0145	 90750017		i0 = i7 - (0x17)
530   	 0146	 A0140010		a0g = xmem[i0]; i0 += 1
531   	 0147	 98140010		a0h = xmem[i0]; i0 += 1
532   	 0148	 90140000		a0l = xmem[i0]
533   	 0149	 90750010		i0 = i7 - (0x10)
534   	 014A	 88540000		xmem[i0] = a0
535   	 014B				cline_113_0:
536   	 014B	 90750013		i0 = i7 - (0x13)
537   	 014C	 B0140000		i0 = xmem[i0]
538   	 014D	 91750017		i1 = i7 - (0x17)
539   	 014E	 A0140011		a0g = xmem[i1]; i1 += 1
540   	 014F	 98140011		a0h = xmem[i1]; i1 += 1
541   	 0150	 90140001		a0l = xmem[i1]
542   	 0151	 91750005		i1 = i7 - (0x5)
543   	 0152	 21E07FFF		x1 = xmem[i1]; x0 = a0
544   	 0153	 00002080		a0 = x0 * x1
545   	 0154	 88540000		xmem[i0] = a0
546   	 0155	 90750013		i0 = i7 - (0x13)
547   	 0156	 B0140000		i0 = xmem[i0]
548   	 0157	 91750013		i1 = i7 - (0x13)
549   	 0158	 02087FFF		i0 += 1
550   	 0159	 B0540001		xmem[i1] = i0
551   	 015A				cline_118_0:
552   	 015A				init_latch_label_0:
553   	 015A	 90750014		i0 = i7 - (0x14)
554   	 015B	 88140000		a0 = xmem[i0]
555   	 015C	 894A0002		uhalfword(a1) = (0x2)
556   	 015D	 00004408		a0 = a0 + a1
557   	 015E	 90750014		i0 = i7 - (0x14)
558   	 015F				label_end_92:
559   	 015F	 98540000		xmem[i0] = a0h
560   	 0160				cline_86_1:
561   	 0160				for_end_1:
562   	 0160	 90750007		i0 = i7 - (0x7)
563   	 0161	 B0140000		i0 = xmem[i0]
564   	 0162	 9175000E		i1 = i7 - (0xe)
565   	 0163	 88140001		a0 = xmem[i1]
566   	 0164	 98540000		xmem[i0] = a0h
567   	 0165	 90750007		i0 = i7 - (0x7)
568   	 0166	 B0140000		i0 = xmem[i0]
569   	 0167	 91750007		i1 = i7 - (0x7)
570   	 0168	 02087FFF		i0 += 1
571   	 0169	 B0540001		xmem[i1] = i0
572   	 016A				cline_122_0:
573   	 016A	 90750007		i0 = i7 - (0x7)
574   	 016B	 B0140000		i0 = xmem[i0]
575   	 016C	 9175000F		i1 = i7 - (0xf)
576   	 016D	 88140001		a0 = xmem[i1]
577   	 016E	 98540000		xmem[i0] = a0h
578   	 016F	 90750007		i0 = i7 - (0x7)
579   	 0170	 B0140000		i0 = xmem[i0]
580   	 0171	 91750007		i1 = i7 - (0x7)
581   	 0172	 02087FFF		i0 += 1
582   	 0173	 B0540001		xmem[i1] = i0
583   	 0174				cline_123_0:
584   	 0174	 90750007		i0 = i7 - (0x7)
585   	 0175	 B0140000		i0 = xmem[i0]
586   	 0176	 91750010		i1 = i7 - (0x10)
587   	 0177	 88140001		a0 = xmem[i1]
588   	 0178	 98540000		xmem[i0] = a0h
589   	 0179	 90750007		i0 = i7 - (0x7)
590   	 017A	 B0140000		i0 = xmem[i0]
591   	 017B	 91750007		i1 = i7 - (0x7)
592   	 017C	 02087FFF		i0 += 1
593   	 017D	 B0540001		xmem[i1] = i0
594   	 017E				cline_124_0:
595   	 017E	 90750007		i0 = i7 - (0x7)
596   	 017F	 B0140000		i0 = xmem[i0]
597   	 0180	 91750011		i1 = i7 - (0x11)
598   	 0181	 88140001		a0 = xmem[i1]
599   	 0182	 98540000		xmem[i0] = a0h
600   	 0183	 90750007		i0 = i7 - (0x7)
601   	 0184	 B0140000		i0 = xmem[i0]
602   	 0185	 91750007		i1 = i7 - (0x7)
603   	 0186	 02087FFF		i0 += 1
604   	 0187	 B0540001		xmem[i1] = i0
605   	 0188				cline_125_0:
606   	 0188				init_latch_label_1:
607   	 0188	 90750008		i0 = i7 - (0x8)
608   	 0189	 88140000		a0 = xmem[i0]
609   	 018A	 894A0001		uhalfword(a1) = (0x1)
610   	 018B	 00004408		a0 = a0 + a1
611   	 018C	 90750008		i0 = i7 - (0x8)
612   	 018D				label_end_93:
613   	 018D	 98540000		xmem[i0] = a0h
614   	 018E				cline_65_1:
615   	 018E				for_end_0:
616   	 018E	 8008018F		jmp (__epilogue_158)
617   	 018F				__epilogue_158:
618   	 018F	 97750017		i7 = i7 - (0x17)
619   	 0190	 B2140027		i2 = xmem[i7]; i7 -= 1
620   	 0191	 81880000		ret
621   						
622   						
623   						
624   							# This construction should ensure linking of crt0 in case when target is a standalone program without the OS
625   							.if defined(_OVLY_)
626   								.if .strcmp('standalone',_OVLY_)=0
627   								.if .strcmp('crystal32',_TARGET_FAMILY_)=0
628   	 0000							.extern __start         # dummy use of __start to force linkage of crt0
629   	 0000				dummy		.equ(__start)
630   								.else
631   									.extern __intvec         # dummy use of __intvec to force linkage of intvec
632   						dummy		.equ(__intvec)
633   								.endif
634   								.endif
635   							.endif
636   						
637   	 0192				_main:
638   	 0192	 BB540007		xmem[i7] = i7
639   	 0193	 020F7FFF		i7 += 1
640   	 0194	 87750007		i7 = i7 + (0x7)
641   	 0195				cline_130_0:
642   	 0195	 90750001		i0 = i7 - (0x1)
643   	 0196	 884A0001		uhalfword(a0) = (0x1)
644   	 0197	 98540000		xmem[i0] = a0h
645   	 0198				cline_150_0:
646   	 0198	 A0050000		i0 = (0) + (_string_const_0)
647   	 0199	 A1050000		i1 = (0) + (_string_const_1)
648   	 019A	 80880000		call (_fopen)
649   	 019B	 98090030		AnyReg(i0, a0h)
650   	 019C	 91750002		i1 = i7 - (0x2)
651   	 019D	 B0540001		xmem[i1] = i0
652   	 019E				cline_152_0:
653   	 019E	 A0050000		i0 = (0) + (_string_const_2)
654   	 019F	 A1050000		i1 = (0) + (_string_const_3)
655   	 01A0	 80880000		call (_fopen)
656   	 01A1	 98090030		AnyReg(i0, a0h)
657   	 01A2	 91750003		i1 = i7 - (0x3)
658   	 01A3	 B0540001		xmem[i1] = i0
659   	 01A4				cline_153_0:
660   	 01A4	 884A0013		uhalfword(a0) = (0x13)
661   	 01A5	 90750002		i0 = i7 - (0x2)
662   	 01A6	 B0140000		i0 = xmem[i0]
663   	 01A7	 80880000		call (_fconfig)
664   	 01A8				cline_155_0:
665   	 01A8	 884A0013		uhalfword(a0) = (0x13)
666   	 01A9	 90750003		i0 = i7 - (0x3)
667   	 01AA	 B0140000		i0 = xmem[i0]
668   	 01AB	 80880000		call (_fconfig)
669   	 01AC				cline_156_0:
670   	 01AC	 90750004		i0 = i7 - (0x4)
671   	 01AD	 00004DC0		a0 = 0
672   	 01AE	 98540000		xmem[i0] = a0h
673   	 01AF	 A0050000		i0 = (0) + (_state + 0)
674   	 01B0	 900001B8		do (0x100), label_end_94
675   	 01B1				cline_161_0:
676   	 01B1				label_begin_94:
677   	 01B1	 00004DC0		a0 = 0
678   	 01B2	 98540000		xmem[i0] = a0h
679   	 01B3				cline_162_0:
680   	 01B3				init_latch_label_2:
681   	 01B3	 91750004		i1 = i7 - (0x4)
682   	 01B4	 88140001		a0 = xmem[i1]
683   	 01B5	 894A0001		uhalfword(a1) = (0x1)
684   	 01B6	 02084408		i0 += 1; a0 = a0 + a1
685   	 01B7	 91750004		i1 = i7 - (0x4)
686   	 01B8				label_end_94:
687   	 01B8	 98540001		xmem[i1] = a0h
688   	 01B9				cline_161_1:
689   	 01B9				for_end_2:
690   	 01B9	 90750005		i0 = i7 - (0x5)
691   	 01BA	 00004DC0		a0 = 0
692   	 01BB	 98540000		xmem[i0] = a0h
693   	 01BC	 AEE0021D		do (0x2ee), label_end_99
694   	 01BD				cline_164_0:
695   	 01BD				label_begin_99:
696   	 01BD	 90750004		i0 = i7 - (0x4)
697   	 01BE	 00004DC0		a0 = 0
698   	 01BF	 98540000		xmem[i0] = a0h
699   	 01C0	 840001EA		do (0x40), label_end_96
700   	 01C1				cline_166_0:
701   	 01C1				label_begin_96:
702   	 01C1	 91750001		i1 = i7 - (0x1)
703   	 01C2	 88140001		a0 = xmem[i1]
704   	 01C3	 00004C01		a1 =+ a0
705   	 01C4	 884A0001		uhalfword(a0) = (0x1)
706   	 01C5	 91750003		i1 = i7 - (0x3)
707   	 01C6	 B1140001		i1 = xmem[i1]
708   	 01C7	 90750006		i0 = i7 - (0x6)
709   	 01C8	 80880000		call (_fread)
710   	 01C9				cline_168_0:
711   	 01C9	 90750004		i0 = i7 - (0x4)
712   	 01CA	 88140000		a0 = xmem[i0]
713   	 01CB	 48707FFF		i0 = a0
714   	 01CC	 91750006		i1 = i7 - (0x6)
715   	 01CD	 80050000		i0 = i0 + (_pcm + 0)
716   	 01CE	 88140001		a0 = xmem[i1]
717   	 01CF	 98540000		xmem[i0] = a0h
718   	 01D0				cline_172_0:
719   	 01D0	 90750007		i0 = i7 - (0x7)
720   	 01D1	 00004DC0		a0 = 0
721   	 01D2	 98540000		xmem[i0] = a0h
722   	 01D3	 806001E4		do (0x6), label_end_95
723   	 01D4				cline_173_0:
724   	 01D4				label_begin_95:
725   	 01D4	 90750004		i0 = i7 - (0x4)
726   	 01D5	 88140000		a0 = xmem[i0]
727   	 01D6	 48707FFF		i0 = a0
728   	 01D7	 91750004		i1 = i7 - (0x4)
729   	 01D8	 88140001		a0 = xmem[i1]
730   	 01D9	 48717FFF		i1 = a0
731   	 01DA	 80050000		i0 = i0 + (_pcm + 0)
732   	 01DB	 81150000		i1 = i1 + (_pcm + 0)
733   	 01DC	 88140001		a0 = xmem[i1]
734   	 01DD	 00004E40		a0 = a0 >> 1
735   	 01DE	 98540000		xmem[i0] = a0h
736   	 01DF				cline_174_0:
737   	 01DF				init_latch_label_3:
738   	 01DF	 90750007		i0 = i7 - (0x7)
739   	 01E0	 88140000		a0 = xmem[i0]
740   	 01E1	 894A0001		uhalfword(a1) = (0x1)
741   	 01E2	 00004408		a0 = a0 + a1
742   	 01E3	 90750007		i0 = i7 - (0x7)
743   	 01E4				label_end_95:
744   	 01E4	 98540000		xmem[i0] = a0h
745   	 01E5				cline_173_1:
746   	 01E5				init_latch_label_4:
747   	 01E5				for_end_5:
748   	 01E5	 90750004		i0 = i7 - (0x4)
749   	 01E6	 88140000		a0 = xmem[i0]
750   	 01E7	 894A0001		uhalfword(a1) = (0x1)
751   	 01E8	 00004408		a0 = a0 + a1
752   	 01E9	 90750004		i0 = i7 - (0x4)
753   	 01EA				label_end_96:
754   	 01EA	 98540000		xmem[i0] = a0h
755   	 01EB				cline_166_1:
756   	 01EB				for_end_4:
757   	 01EB	 A0050000		i0 = (0) + (_pcm)
758   	 01EC	 A1050000		i1 = (0) + (_pcm)
759   	 01ED	 A4050000		i4 = (0) + (_state)
760   	 01EE	 A505002A		i5 = (0) + (_SplitLoPassCoeff + 42)
761   	 01EF	 80880000		call (_lowpass_rt)
762   	 01F0				cline_179_0:
763   	 01F0	 90750004		i0 = i7 - (0x4)
764   	 01F1	 00004DC0		a0 = 0
765   	 01F2	 98540000		xmem[i0] = a0h
766   	 01F3	 84000217		do (0x40), label_end_98
767   	 01F4				cline_181_0:
768   	 01F4				label_begin_98:
769   	 01F4	 90750004		i0 = i7 - (0x4)
770   	 01F5	 88140000		a0 = xmem[i0]
771   	 01F6	 48707FFF		i0 = a0
772   	 01F7	 91750006		i1 = i7 - (0x6)
773   	 01F8	 80050000		i0 = i0 + (_pcm + 0)
774   	 01F9	 88140000		a0 = xmem[i0]
775   	 01FA	 98540001		xmem[i1] = a0h
776   	 01FB				cline_190_0:
777   	 01FB	 90750007		i0 = i7 - (0x7)
778   	 01FC	 00004DC0		a0 = 0
779   	 01FD	 98540000		xmem[i0] = a0h
780   	 01FE	 80600209		do (0x6), label_end_97
781   	 01FF				cline_191_0:
782   	 01FF				label_begin_97:
783   	 01FF	 90750006		i0 = i7 - (0x6)
784   	 0200	 88140000		a0 = xmem[i0]
785   	 0201	 00004E00		a0 = a0 << 1
786   	 0202	 90750006		i0 = i7 - (0x6)
787   	 0203	 98540000		xmem[i0] = a0h
788   	 0204				cline_192_0:
789   	 0204				init_latch_label_5:
790   	 0204	 90750007		i0 = i7 - (0x7)
791   	 0205	 88140000		a0 = xmem[i0]
792   	 0206	 894A0001		uhalfword(a1) = (0x1)
793   	 0207	 00004408		a0 = a0 + a1
794   	 0208	 90750007		i0 = i7 - (0x7)
795   	 0209				label_end_97:
796   	 0209	 98540000		xmem[i0] = a0h
797   	 020A				cline_191_1:
798   	 020A				for_end_7:
799   	 020A	 91750001		i1 = i7 - (0x1)
800   	 020B	 88140001		a0 = xmem[i1]
801   	 020C	 00004C01		a1 =+ a0
802   	 020D	 884A0001		uhalfword(a0) = (0x1)
803   	 020E	 91750002		i1 = i7 - (0x2)
804   	 020F	 B1140001		i1 = xmem[i1]
805   	 0210	 90750006		i0 = i7 - (0x6)
806   	 0211	 80880000		call (_fwrite)
807   	 0212				cline_194_0:
808   	 0212				init_latch_label_6:
809   	 0212	 90750004		i0 = i7 - (0x4)
810   	 0213	 88140000		a0 = xmem[i0]
811   	 0214	 894A0001		uhalfword(a1) = (0x1)
812   	 0215	 00004408		a0 = a0 + a1
813   	 0216	 90750004		i0 = i7 - (0x4)
814   	 0217				label_end_98:
815   	 0217	 98540000		xmem[i0] = a0h
816   	 0218				cline_181_1:
817   	 0218				init_latch_label_7:
818   	 0218				for_end_6:
819   	 0218	 90750005		i0 = i7 - (0x5)
820   	 0219	 88140000		a0 = xmem[i0]
821   	 021A	 894A0001		uhalfword(a1) = (0x1)
822   	 021B	 00004408		a0 = a0 + a1
823   	 021C	 90750005		i0 = i7 - (0x5)
824   	 021D				label_end_99:
825   	 021D	 98540000		xmem[i0] = a0h
826   	 021E				cline_164_1:
827   	 021E				for_end_3:
828   	 021E	 887A4000		a0 = (0x4000)
829   	 021F	 98440000		xmem[_sampleBuffer + 0] = a0h
830   	 0220				cline_197_0:
831   	 0220	 90750003		i0 = i7 - (0x3)
832   	 0221	 B0140000		i0 = xmem[i0]
833   	 0222	 80880000		call (_fclose)
834   	 0223				cline_198_0:
835   	 0223	 90750002		i0 = i7 - (0x2)
836   	 0224	 B0140000		i0 = xmem[i0]
837   	 0225	 80880000		call (_fclose)
838   	 0226				cline_199_0:
839   	 0226	 80080227		jmp (__epilogue_160)
840   	 0227				__epilogue_160:
841   	 0227	 97750007		i7 = i7 - (0x7)
842   	 0228	 02177FFF		i7 -= 1
843   	 0229	 81880000		ret
844   						(null)
				 SYMBOL TABLE 

    Name                                                                                    Type                  Value 

_COMMON_INC_PATH_                                                               					 Define                 "C:/CirrusDSP/crystal32/common/inc/"
_DSP_                                                                           					 Define                 "a"
_FS                                                                             			  Public Relocatable       main_GEN_0000:0000H
_LOCAL_INC_PATH_                                                                					 Define                 "inc/"
_LOCAL_SRC_PATH_                                                                					 Define                 "src/"
_MUI_VERSION_                                                                   					 Define                 "020000"
_OVLY_                                                                          					 Define                 "standalone"
_OVLY_REVISION_                                                                 					 Define                 "020000"
_ROUTER_INC_PATH_                                                               					 Define                 "rom_inc/"
_SLOT_                                                                          					 Define                 "0"
_SplitLoPassCoeff                                                               			  Public Relocatable       main_GEN_0001:0000H
_TARGET_FAMILY_                                                                 					 Define                 "crystal32"
_TOOLS_VERSION_                                                                 					 Define                 "0x0701"
_VERSION_                                                                       					 Define                 "00"
__CASM_VER__                                                                    			  Unused Variable		        0 (701H)
__CCC                                                                           					 Define                 ""
__epilogue_158                                                                  			         Relocatable         main_GEN_0009:018FH
__epilogue_160                                                                  			         Relocatable         main_GEN_0009:0227H
__start                                                                         					 External   
_fclose                                                                         					 External   
_fconfig                                                                        					 External   
_fopen                                                                          					 External   
_fread                                                                          					 External   
_fwrite                                                                         					 External   
_lowpass_rt                                                                     			  Public Relocatable       main_GEN_0009:0000H
_main                                                                           			  Public Relocatable       main_GEN_0009:0192H
_pcm                                                                            			  Public Relocatable       main_GEN_0002:0000H
_sampleBuffer                                                                   			  Public Relocatable       main_GEN_0003:0000H
_state                                                                          			  Public Relocatable       main_GEN_0004:0000H
_string_const_0                                                                 			         Relocatable         main_GEN_0005:0000H
_string_const_1                                                                 			         Relocatable         main_GEN_0006:0000H
_string_const_2                                                                 			         Relocatable         main_GEN_0007:0000H
_string_const_3                                                                 			         Relocatable         main_GEN_0008:0000H
cline_102_0                                                                     			  Unused Relocatable        main_GEN_0009:00EDH
cline_104_0                                                                     			  Unused Relocatable        main_GEN_0009:00F6H
cline_105_0                                                                     			  Unused Relocatable        main_GEN_0009:00FFH
cline_106_0                                                                     			  Unused Relocatable        main_GEN_0009:010CH
cline_107_0                                                                     			  Unused Relocatable        main_GEN_0009:0119H
cline_108_0                                                                     			  Unused Relocatable        main_GEN_0009:0126H
cline_109_0                                                                     			  Unused Relocatable        main_GEN_0009:012FH
cline_110_0                                                                     			  Unused Relocatable        main_GEN_0009:013BH
cline_112_0                                                                     			  Unused Relocatable        main_GEN_0009:0145H
cline_113_0                                                                     			  Unused Relocatable        main_GEN_0009:014BH
cline_118_0                                                                     			  Unused Relocatable        main_GEN_0009:015AH
cline_122_0                                                                     			  Unused Relocatable        main_GEN_0009:016AH
cline_123_0                                                                     			  Unused Relocatable        main_GEN_0009:0174H
cline_124_0                                                                     			  Unused Relocatable        main_GEN_0009:017EH
cline_125_0                                                                     			  Unused Relocatable        main_GEN_0009:0188H
cline_130_0                                                                     			  Unused Relocatable        main_GEN_0009:0195H
cline_150_0                                                                     			  Unused Relocatable        main_GEN_0009:0198H
cline_152_0                                                                     			  Unused Relocatable        main_GEN_0009:019EH
cline_153_0                                                                     			  Unused Relocatable        main_GEN_0009:01A4H
cline_155_0                                                                     			  Unused Relocatable        main_GEN_0009:01A8H
cline_156_0                                                                     			  Unused Relocatable        main_GEN_0009:01ACH
cline_161_0                                                                     			  Unused Relocatable        main_GEN_0009:01B1H
cline_161_1                                                                     			  Unused Relocatable        main_GEN_0009:01B9H
cline_162_0                                                                     			  Unused Relocatable        main_GEN_0009:01B3H
cline_164_0                                                                     			  Unused Relocatable        main_GEN_0009:01BDH
cline_164_1                                                                     			  Unused Relocatable        main_GEN_0009:021EH
cline_166_0                                                                     			  Unused Relocatable        main_GEN_0009:01C1H
cline_166_1                                                                     			  Unused Relocatable        main_GEN_0009:01EBH
cline_168_0                                                                     			  Unused Relocatable        main_GEN_0009:01C9H
cline_172_0                                                                     			  Unused Relocatable        main_GEN_0009:01D0H
cline_173_0                                                                     			  Unused Relocatable        main_GEN_0009:01D4H
cline_173_1                                                                     			  Unused Relocatable        main_GEN_0009:01E5H
cline_174_0                                                                     			  Unused Relocatable        main_GEN_0009:01DFH
cline_179_0                                                                     			  Unused Relocatable        main_GEN_0009:01F0H
cline_181_0                                                                     			  Unused Relocatable        main_GEN_0009:01F4H
cline_181_1                                                                     			  Unused Relocatable        main_GEN_0009:0218H
cline_190_0                                                                     			  Unused Relocatable        main_GEN_0009:01FBH
cline_191_0                                                                     			  Unused Relocatable        main_GEN_0009:01FFH
cline_191_1                                                                     			  Unused Relocatable        main_GEN_0009:020AH
cline_192_0                                                                     			  Unused Relocatable        main_GEN_0009:0204H
cline_194_0                                                                     			  Unused Relocatable        main_GEN_0009:0212H
cline_197_0                                                                     			  Unused Relocatable        main_GEN_0009:0220H
cline_198_0                                                                     			  Unused Relocatable        main_GEN_0009:0223H
cline_199_0                                                                     			  Unused Relocatable        main_GEN_0009:0226H
cline_53_0                                                                      			  Unused Relocatable        main_GEN_0009:000CH
cline_61_0                                                                      			  Unused Relocatable        main_GEN_0009:0011H
cline_62_0                                                                      			  Unused Relocatable        main_GEN_0009:0016H
cline_63_0                                                                      			  Unused Relocatable        main_GEN_0009:001AH
cline_65_0                                                                      			  Unused Relocatable        main_GEN_0009:001EH
cline_65_1                                                                      			  Unused Relocatable        main_GEN_0009:018EH
cline_67_0                                                                      			  Unused Relocatable        main_GEN_0009:0022H
cline_69_0                                                                      			  Unused Relocatable        main_GEN_0009:002CH
cline_70_0                                                                      			  Unused Relocatable        main_GEN_0009:0036H
cline_71_0                                                                      			  Unused Relocatable        main_GEN_0009:0040H
cline_72_0                                                                      			  Unused Relocatable        main_GEN_0009:004AH
cline_75_0                                                                      			  Unused Relocatable        main_GEN_0009:0054H
cline_76_0                                                                      			  Unused Relocatable        main_GEN_0009:005EH
cline_77_0                                                                      			  Unused Relocatable        main_GEN_0009:0068H
cline_78_0                                                                      			  Unused Relocatable        main_GEN_0009:006DH
cline_83_0                                                                      			  Unused Relocatable        main_GEN_0009:0078H
cline_84_0                                                                      			  Unused Relocatable        main_GEN_0009:007CH
cline_86_0                                                                      			  Unused Relocatable        main_GEN_0009:0080H
cline_86_1                                                                      			  Unused Relocatable        main_GEN_0009:0160H
cline_88_0                                                                      			  Unused Relocatable        main_GEN_0009:0089H
cline_89_0                                                                      			  Unused Relocatable        main_GEN_0009:0092H
cline_90_0                                                                      			  Unused Relocatable        main_GEN_0009:009FH
cline_91_0                                                                      			  Unused Relocatable        main_GEN_0009:00ACH
cline_92_0                                                                      			  Unused Relocatable        main_GEN_0009:00B9H
cline_93_0                                                                      			  Unused Relocatable        main_GEN_0009:00C2H
cline_94_0                                                                      			  Unused Relocatable        main_GEN_0009:00CEH
cline_96_0                                                                      			  Unused Relocatable        main_GEN_0009:00D8H
cline_97_0                                                                      			  Unused Relocatable        main_GEN_0009:00DEH
dummy                                                                           			  Unused Number				     0 (0H)
elsecondition_0                                                                 			         Relocatable         main_GEN_0009:0074H
endcondition_0                                                                  			         Relocatable         main_GEN_0009:0076H
for_end_0                                                                       			  Unused Relocatable        main_GEN_0009:018EH
for_end_1                                                                       			  Unused Relocatable        main_GEN_0009:0160H
for_end_2                                                                       			  Unused Relocatable        main_GEN_0009:01B9H
for_end_3                                                                       			  Unused Relocatable        main_GEN_0009:021EH
for_end_4                                                                       			  Unused Relocatable        main_GEN_0009:01EBH
for_end_5                                                                       			  Unused Relocatable        main_GEN_0009:01E5H
for_end_6                                                                       			  Unused Relocatable        main_GEN_0009:0218H
for_end_7                                                                       			  Unused Relocatable        main_GEN_0009:020AH
init_latch_label_0                                                              			  Unused Relocatable        main_GEN_0009:015AH
init_latch_label_1                                                              			  Unused Relocatable        main_GEN_0009:0188H
init_latch_label_2                                                              			  Unused Relocatable        main_GEN_0009:01B3H
init_latch_label_3                                                              			  Unused Relocatable        main_GEN_0009:01DFH
init_latch_label_4                                                              			  Unused Relocatable        main_GEN_0009:01E5H
init_latch_label_5                                                              			  Unused Relocatable        main_GEN_0009:0204H
init_latch_label_6                                                              			  Unused Relocatable        main_GEN_0009:0212H
init_latch_label_7                                                              			  Unused Relocatable        main_GEN_0009:0218H
label_begin_92                                                                  			  Unused Relocatable        main_GEN_0009:0080H
label_begin_93                                                                  			  Unused Relocatable        main_GEN_0009:001EH
label_begin_94                                                                  			  Unused Relocatable        main_GEN_0009:01B1H
label_begin_95                                                                  			  Unused Relocatable        main_GEN_0009:01D4H
label_begin_96                                                                  			  Unused Relocatable        main_GEN_0009:01C1H
label_begin_97                                                                  			  Unused Relocatable        main_GEN_0009:01FFH
label_begin_98                                                                  			  Unused Relocatable        main_GEN_0009:01F4H
label_begin_99                                                                  			  Unused Relocatable        main_GEN_0009:01BDH
label_end_92                                                                    			         Relocatable         main_GEN_0009:015FH
label_end_93                                                                    			         Relocatable         main_GEN_0009:018DH
label_end_94                                                                    			         Relocatable         main_GEN_0009:01B8H
label_end_95                                                                    			         Relocatable         main_GEN_0009:01E4H
label_end_96                                                                    			         Relocatable         main_GEN_0009:01EAH
label_end_97                                                                    			         Relocatable         main_GEN_0009:0209H
label_end_98                                                                    			         Relocatable         main_GEN_0009:0217H
label_end_99                                                                    			         Relocatable         main_GEN_0009:021DH

	       SEGMENTS:

Size			  Name										 Class
0000H	 __INIT                                  			 CODE                                    
0001H	 main_GEN_0000                           			 X_OVLY                                  
003FH	 main_GEN_0001                           			 X_OVLY                                  
0040H	 main_GEN_0002                           			 X_OVLY                                  
0080H	 main_GEN_0003                           			 X_OVLY                                  
0100H	 main_GEN_0004                           			 X_OVLY                                  
0018H	 main_GEN_0005                           			 X_OVLY                                  
0004H	 main_GEN_0006                           			 X_OVLY                                  
001EH	 main_GEN_0007                           			 X_OVLY                                  
0004H	 main_GEN_0008                           			 X_OVLY                                  
022AH	 main_GEN_0009                           			 CODE_OVLY                               
