============= BUILDING STARTED ============
  Project: multitapEcho
  Creating standalone configuration
===========================================
Assembling .a and .s files...
D:/nastava/aadsp2/2016-2017/Vezbe/Vezba7/postavka/Zadatak2/multitapEcho_framework/src/multitapEcho_os_interface.a
C:/CirrusDSP/bin/casm D:/nastava/aadsp2/2016-2017/Vezbe/Vezba7/postavka/Zadatak2/multitapEcho_framework/src/multitapEcho_os_interface.a
 --debug
 -c
 -s
 -e
 --cdl
 -D_COMMON_INC_PATH_=C:/CirrusDSP/crystal32/common/inc/
 -IC:/CirrusDSP/include/
 -IC:/CirrusDSP/include/dsplib/
 -ID:/nastava/aadsp2/2016-2017/Vezbe/Vezba7/postavka/Zadatak2/multitapEcho_framework/inc/
 -ID:/nastava/aadsp2/2016-2017/Vezbe/Vezba7/postavka/Zadatak2/multitapEcho_framework/gen/inc/
 -ID:/nastava/aadsp2/2016-2017/Vezbe/Vezba7/postavka/Zadatak2/multitapEcho_framework/inc
 -ID:/nastava/aadsp2/2016-2017/Vezbe/Vezba7/postavka/Zadatak2/multitapEcho_framework/gen/inc
 -lD:/nastava/aadsp2/2016-2017/Vezbe/Vezba7/postavka/Zadatak2/multitapEcho_framework/output/src/multitapEcho_os_interface.lst
 -oD:/nastava/aadsp2/2016-2017/Vezbe/Vezba7/postavka/Zadatak2/multitapEcho_framework/output/src/multitapEcho_os_interface.O
 -iC:/CirrusDSP/crystal32/common/inc/base.h
 -D_LOCAL_SRC_PATH_=src/
 -D_LOCAL_INC_PATH_=inc/
 -D_ROUTER_INC_PATH_=rom_inc/
D:/nastava/aadsp2/2016-2017/Vezbe/Vezba7/postavka/Zadatak2/multitapEcho_framework/src/multitapEcho_main.a
C:/CirrusDSP/bin/casm D:/nastava/aadsp2/2016-2017/Vezbe/Vezba7/postavka/Zadatak2/multitapEcho_framework/src/multitapEcho_main.a
 --debug
 -c
 -s
 -e
 --cdl
 -D_COMMON_INC_PATH_=C:/CirrusDSP/crystal32/common/inc/
 -IC:/CirrusDSP/include/
 -IC:/CirrusDSP/include/dsplib/
 -ID:/nastava/aadsp2/2016-2017/Vezbe/Vezba7/postavka/Zadatak2/multitapEcho_framework/inc/
 -ID:/nastava/aadsp2/2016-2017/Vezbe/Vezba7/postavka/Zadatak2/multitapEcho_framework/gen/inc/
 -ID:/nastava/aadsp2/2016-2017/Vezbe/Vezba7/postavka/Zadatak2/multitapEcho_framework/inc
 -ID:/nastava/aadsp2/2016-2017/Vezbe/Vezba7/postavka/Zadatak2/multitapEcho_framework/gen/inc
 -lD:/nastava/aadsp2/2016-2017/Vezbe/Vezba7/postavka/Zadatak2/multitapEcho_framework/output/src/multitapEcho_main.lst
 -oD:/nastava/aadsp2/2016-2017/Vezbe/Vezba7/postavka/Zadatak2/multitapEcho_framework/output/src/multitapEcho_main.O
 -iC:/CirrusDSP/crystal32/common/inc/base.h
 -D_LOCAL_SRC_PATH_=src/
 -D_LOCAL_INC_PATH_=inc/
 -D_ROUTER_INC_PATH_=rom_inc/
D:/nastava/aadsp2/2016-2017/Vezbe/Vezba7/postavka/Zadatak2/multitapEcho_framework/src/multitapEcho.a
C:/CirrusDSP/bin/casm D:/nastava/aadsp2/2016-2017/Vezbe/Vezba7/postavka/Zadatak2/multitapEcho_framework/src/multitapEcho.a
 --debug
 -c
 -s
 -e
 --cdl
 -D_COMMON_INC_PATH_=C:/CirrusDSP/crystal32/common/inc/
 -IC:/CirrusDSP/include/
 -IC:/CirrusDSP/include/dsplib/
 -ID:/nastava/aadsp2/2016-2017/Vezbe/Vezba7/postavka/Zadatak2/multitapEcho_framework/inc/
 -ID:/nastava/aadsp2/2016-2017/Vezbe/Vezba7/postavka/Zadatak2/multitapEcho_framework/gen/inc/
 -ID:/nastava/aadsp2/2016-2017/Vezbe/Vezba7/postavka/Zadatak2/multitapEcho_framework/inc
 -ID:/nastava/aadsp2/2016-2017/Vezbe/Vezba7/postavka/Zadatak2/multitapEcho_framework/gen/inc
 -lD:/nastava/aadsp2/2016-2017/Vezbe/Vezba7/postavka/Zadatak2/multitapEcho_framework/output/src/multitapEcho.lst
 -oD:/nastava/aadsp2/2016-2017/Vezbe/Vezba7/postavka/Zadatak2/multitapEcho_framework/output/src/multitapEcho.O
 -iC:/CirrusDSP/crystal32/common/inc/base.h
 -D_LOCAL_SRC_PATH_=src/
 -D_LOCAL_INC_PATH_=inc/
 -D_ROUTER_INC_PATH_=rom_inc/
D:/nastava/aadsp2/2016-2017/Vezbe/Vezba7/postavka/Zadatak2/multitapEcho_framework/src/mtechoDataVars.a
C:/CirrusDSP/bin/casm D:/nastava/aadsp2/2016-2017/Vezbe/Vezba7/postavka/Zadatak2/multitapEcho_framework/src/mtechoDataVars.a
 --debug
 -c
 -s
 -e
 --cdl
 -D_COMMON_INC_PATH_=C:/CirrusDSP/crystal32/common/inc/
 -IC:/CirrusDSP/include/
 -IC:/CirrusDSP/include/dsplib/
 -ID:/nastava/aadsp2/2016-2017/Vezbe/Vezba7/postavka/Zadatak2/multitapEcho_framework/inc/
 -ID:/nastava/aadsp2/2016-2017/Vezbe/Vezba7/postavka/Zadatak2/multitapEcho_framework/gen/inc/
 -ID:/nastava/aadsp2/2016-2017/Vezbe/Vezba7/postavka/Zadatak2/multitapEcho_framework/inc
 -ID:/nastava/aadsp2/2016-2017/Vezbe/Vezba7/postavka/Zadatak2/multitapEcho_framework/gen/inc
 -lD:/nastava/aadsp2/2016-2017/Vezbe/Vezba7/postavka/Zadatak2/multitapEcho_framework/output/src/mtechoDataVars.lst
 -oD:/nastava/aadsp2/2016-2017/Vezbe/Vezba7/postavka/Zadatak2/multitapEcho_framework/output/src/mtechoDataVars.O
 -iC:/CirrusDSP/crystal32/common/inc/base.h
 -D_LOCAL_SRC_PATH_=src/
 -D_LOCAL_INC_PATH_=inc/
 -D_ROUTER_INC_PATH_=rom_inc/

BUILD SUCCESSFUL
Total time: 2 seconds
